[0.010s] Invoking command in '/home/miquel/ros2_ws/src/build/my_robot_controller': CMAKE_PREFIX_PATH=/opt/ros/humble /usr/bin/cmake /home/miquel/ros2_ws/src/my_robot_controller -DCMAKE_INSTALL_PREFIX=/home/miquel/ros2_ws/src/install/my_robot_controller
[0.085s] -- The C compiler identification is GNU 11.4.0
[0.151s] -- The CXX compiler identification is GNU 11.4.0
[0.158s] -- Detecting C compiler ABI info
[0.211s] -- Detecting C compiler ABI info - done
[0.215s] -- Check for working C compiler: /usr/bin/cc - skipped
[0.217s] -- Detecting C compile features
[0.217s] -- Detecting C compile features - done
[0.219s] -- Detecting CXX compiler ABI info
[0.282s] -- Detecting CXX compiler ABI info - done
[0.286s] -- Check for working CXX compiler: /usr/bin/c++ - skipped
[0.287s] -- Detecting CXX compile features
[0.287s] -- Detecting CXX compile features - done
[0.290s] -- Found ament_cmake: 1.3.11 (/opt/ros/humble/share/ament_cmake/cmake)
[0.408s] -- Found Python3: /usr/bin/python3 (found version "3.10.12") found components: Interpreter 
[0.476s] -- Found ament_lint_auto: 0.12.12 (/opt/ros/humble/share/ament_lint_auto/cmake)
[0.530s] -- Added test 'lint_cmake' to check CMake code style
[0.530s] -- Added test 'xmllint' to check XML markup files
[0.531s] -- Configuring done
[0.533s] -- Generating done
[0.534s] -- Build files have been written to: /home/miquel/ros2_ws/src/build/my_robot_controller
[0.537s] Invoked command in '/home/miquel/ros2_ws/src/build/my_robot_controller' returned '0': CMAKE_PREFIX_PATH=/opt/ros/humble /usr/bin/cmake /home/miquel/ros2_ws/src/my_robot_controller -DCMAKE_INSTALL_PREFIX=/home/miquel/ros2_ws/src/install/my_robot_controller
[0.539s] Invoking command in '/home/miquel/ros2_ws/src/build/my_robot_controller': CMAKE_PREFIX_PATH=/opt/ros/humble /usr/bin/cmake --build /home/miquel/ros2_ws/src/build/my_robot_controller -- -j18 -l18
[0.569s] Invoked command in '/home/miquel/ros2_ws/src/build/my_robot_controller' returned '0': CMAKE_PREFIX_PATH=/opt/ros/humble /usr/bin/cmake --build /home/miquel/ros2_ws/src/build/my_robot_controller -- -j18 -l18
[0.575s] Invoking command in '/home/miquel/ros2_ws/src/build/my_robot_controller': CMAKE_PREFIX_PATH=/opt/ros/humble /usr/bin/cmake --install /home/miquel/ros2_ws/src/build/my_robot_controller
[0.580s] -- Install configuration: ""
[0.581s] -- Installing: /home/miquel/ros2_ws/src/install/my_robot_controller/share/ament_index/resource_index/package_run_dependencies/my_robot_controller
[0.581s] -- Installing: /home/miquel/ros2_ws/src/install/my_robot_controller/share/ament_index/resource_index/parent_prefix_path/my_robot_controller
[0.581s] -- Installing: /home/miquel/ros2_ws/src/install/my_robot_controller/share/my_robot_controller/environment/ament_prefix_path.sh
[0.581s] -- Installing: /home/miquel/ros2_ws/src/install/my_robot_controller/share/my_robot_controller/environment/ament_prefix_path.dsv
[0.581s] -- Installing: /home/miquel/ros2_ws/src/install/my_robot_controller/share/my_robot_controller/environment/path.sh
[0.581s] -- Installing: /home/miquel/ros2_ws/src/install/my_robot_controller/share/my_robot_controller/environment/path.dsv
[0.581s] -- Installing: /home/miquel/ros2_ws/src/install/my_robot_controller/share/my_robot_controller/local_setup.bash
[0.583s] -- Installing: /home/miquel/ros2_ws/src/install/my_robot_controller/share/my_robot_controller/local_setup.sh
[0.583s] -- Installing: /home/miquel/ros2_ws/src/install/my_robot_controller/share/my_robot_controller/local_setup.zsh
[0.583s] -- Installing: /home/miquel/ros2_ws/src/install/my_robot_controller/share/my_robot_controller/local_setup.dsv
[0.583s] -- Installing: /home/miquel/ros2_ws/src/install/my_robot_controller/share/my_robot_controller/package.dsv
[0.584s] -- Installing: /home/miquel/ros2_ws/src/install/my_robot_controller/share/ament_index/resource_index/packages/my_robot_controller
[0.584s] -- Installing: /home/miquel/ros2_ws/src/install/my_robot_controller/share/my_robot_controller/cmake/my_robot_controllerConfig.cmake
[0.584s] -- Installing: /home/miquel/ros2_ws/src/install/my_robot_controller/share/my_robot_controller/cmake/my_robot_controllerConfig-version.cmake
[0.584s] -- Installing: /home/miquel/ros2_ws/src/install/my_robot_controller/share/my_robot_controller/package.xml
[0.584s] Invoked command in '/home/miquel/ros2_ws/src/build/my_robot_controller' returned '0': CMAKE_PREFIX_PATH=/opt/ros/humble /usr/bin/cmake --install /home/miquel/ros2_ws/src/build/my_robot_controller
