running egg_info
writing build/vehicle_interface/vehicle_interface.egg-info/PKG-INFO
writing dependency_links to build/vehicle_interface/vehicle_interface.egg-info/dependency_links.txt
writing entry points to build/vehicle_interface/vehicle_interface.egg-info/entry_points.txt
writing requirements to build/vehicle_interface/vehicle_interface.egg-info/requires.txt
writing top-level names to build/vehicle_interface/vehicle_interface.egg-info/top_level.txt
reading manifest file 'build/vehicle_interface/vehicle_interface.egg-info/SOURCES.txt'
writing manifest file 'build/vehicle_interface/vehicle_interface.egg-info/SOURCES.txt'
running build
running build_py
copying vehicle_interface/node.py -> /home/miquel/ros2_ws/src/vehicle_interface/build/vehicle_interface/build/lib/vehicle_interface
running install
running install_lib
copying /home/miquel/ros2_ws/src/vehicle_interface/build/vehicle_interface/build/lib/vehicle_interface/node.py -> /home/miquel/ros2_ws/src/vehicle_interface/install/vehicle_interface/lib/python3.10/site-packages/vehicle_interface
byte-compiling /home/miquel/ros2_ws/src/vehicle_interface/install/vehicle_interface/lib/python3.10/site-packages/vehicle_interface/node.py to node.cpython-310.pyc
running install_data
running install_egg_info
removing '/home/miquel/ros2_ws/src/vehicle_interface/install/vehicle_interface/lib/python3.10/site-packages/vehicle_interface-0.0.0-py3.10.egg-info' (and everything under it)
Copying build/vehicle_interface/vehicle_interface.egg-info to /home/miquel/ros2_ws/src/vehicle_interface/install/vehicle_interface/lib/python3.10/site-packages/vehicle_interface-0.0.0-py3.10.egg-info
running install_scripts
Installing vi script to /home/miquel/ros2_ws/src/vehicle_interface/install/vehicle_interface/lib/vehicle_interface
writing list of installed files to '/home/miquel/ros2_ws/src/vehicle_interface/build/vehicle_interface/install.log'
