[0.361s] Invoking command in '/home/miquel/ros2_ws/src/vehicle_interface': PYTHONPATH=/home/miquel/ros2_ws/src/vehicle_interface/build/vehicle_interface/prefix_override:/usr/lib/python3/dist-packages/colcon_core/task/python/colcon_distutils_commands:/home/miquel/ros2_ws/src/vehicle_interface/install/vehicle_interface/lib/python3.10/site-packages:${PYTHONPATH} /usr/bin/python3 -W ignore:setup.py install is deprecated -W ignore:easy_install command is deprecated setup.py egg_info --egg-base build/vehicle_interface build --build-base /home/miquel/ros2_ws/src/vehicle_interface/build/vehicle_interface/build install --record /home/miquel/ros2_ws/src/vehicle_interface/build/vehicle_interface/install.log --single-version-externally-managed install_data
[0.524s] running egg_info
[0.525s] writing build/vehicle_interface/vehicle_interface.egg-info/PKG-INFO
[0.525s] writing dependency_links to build/vehicle_interface/vehicle_interface.egg-info/dependency_links.txt
[0.525s] writing entry points to build/vehicle_interface/vehicle_interface.egg-info/entry_points.txt
[0.525s] writing requirements to build/vehicle_interface/vehicle_interface.egg-info/requires.txt
[0.525s] writing top-level names to build/vehicle_interface/vehicle_interface.egg-info/top_level.txt
[0.527s] reading manifest file 'build/vehicle_interface/vehicle_interface.egg-info/SOURCES.txt'
[0.528s] writing manifest file 'build/vehicle_interface/vehicle_interface.egg-info/SOURCES.txt'
[0.528s] running build
[0.528s] running build_py
[0.528s] copying vehicle_interface/node.py -> /home/miquel/ros2_ws/src/vehicle_interface/build/vehicle_interface/build/lib/vehicle_interface
[0.528s] running install
[0.529s] running install_lib
[0.529s] copying /home/miquel/ros2_ws/src/vehicle_interface/build/vehicle_interface/build/lib/vehicle_interface/node.py -> /home/miquel/ros2_ws/src/vehicle_interface/install/vehicle_interface/lib/python3.10/site-packages/vehicle_interface
[0.530s] byte-compiling /home/miquel/ros2_ws/src/vehicle_interface/install/vehicle_interface/lib/python3.10/site-packages/vehicle_interface/node.py to node.cpython-310.pyc
[0.530s] running install_data
[0.530s] running install_egg_info
[0.532s] removing '/home/miquel/ros2_ws/src/vehicle_interface/install/vehicle_interface/lib/python3.10/site-packages/vehicle_interface-0.0.0-py3.10.egg-info' (and everything under it)
[0.532s] Copying build/vehicle_interface/vehicle_interface.egg-info to /home/miquel/ros2_ws/src/vehicle_interface/install/vehicle_interface/lib/python3.10/site-packages/vehicle_interface-0.0.0-py3.10.egg-info
[0.533s] running install_scripts
[0.546s] Installing vi script to /home/miquel/ros2_ws/src/vehicle_interface/install/vehicle_interface/lib/vehicle_interface
[0.547s] writing list of installed files to '/home/miquel/ros2_ws/src/vehicle_interface/build/vehicle_interface/install.log'
[0.561s] Invoked command in '/home/miquel/ros2_ws/src/vehicle_interface' returned '0': PYTHONPATH=/home/miquel/ros2_ws/src/vehicle_interface/build/vehicle_interface/prefix_override:/usr/lib/python3/dist-packages/colcon_core/task/python/colcon_distutils_commands:/home/miquel/ros2_ws/src/vehicle_interface/install/vehicle_interface/lib/python3.10/site-packages:${PYTHONPATH} /usr/bin/python3 -W ignore:setup.py install is deprecated -W ignore:easy_install command is deprecated setup.py egg_info --egg-base build/vehicle_interface build --build-base /home/miquel/ros2_ws/src/vehicle_interface/build/vehicle_interface/build install --record /home/miquel/ros2_ws/src/vehicle_interface/build/vehicle_interface/install.log --single-version-externally-managed install_data
