[0.327s] Invoking command in '/home/miquel/ros2_ws/src/vehicle_interface': PYTHONPATH=/home/miquel/ros2_ws/src/vehicle_interface/build/vehicle_interface/prefix_override:/usr/lib/python3/dist-packages/colcon_core/task/python/colcon_distutils_commands:/home/miquel/ros2_ws/src/vehicle_interface/install/vehicle_interface/lib/python3.10/site-packages:${PYTHONPATH} /usr/bin/python3 -W ignore:setup.py install is deprecated -W ignore:easy_install command is deprecated setup.py egg_info --egg-base build/vehicle_interface build --build-base /home/miquel/ros2_ws/src/vehicle_interface/build/vehicle_interface/build install --record /home/miquel/ros2_ws/src/vehicle_interface/build/vehicle_interface/install.log --single-version-externally-managed install_data
[0.449s] running egg_info
[0.450s] creating build/vehicle_interface/vehicle_interface.egg-info
[0.450s] writing build/vehicle_interface/vehicle_interface.egg-info/PKG-INFO
[0.450s] writing dependency_links to build/vehicle_interface/vehicle_interface.egg-info/dependency_links.txt
[0.450s] writing entry points to build/vehicle_interface/vehicle_interface.egg-info/entry_points.txt
[0.450s] writing requirements to build/vehicle_interface/vehicle_interface.egg-info/requires.txt
[0.450s] writing top-level names to build/vehicle_interface/vehicle_interface.egg-info/top_level.txt
[0.450s] writing manifest file 'build/vehicle_interface/vehicle_interface.egg-info/SOURCES.txt'
[0.451s] reading manifest file 'build/vehicle_interface/vehicle_interface.egg-info/SOURCES.txt'
[0.451s] writing manifest file 'build/vehicle_interface/vehicle_interface.egg-info/SOURCES.txt'
[0.451s] running build
[0.452s] running install
[0.452s] running install_data
[0.452s] creating /home/miquel/ros2_ws/src/vehicle_interface/install/vehicle_interface/share/ament_index
[0.452s] creating /home/miquel/ros2_ws/src/vehicle_interface/install/vehicle_interface/share/ament_index/resource_index
[0.452s] creating /home/miquel/ros2_ws/src/vehicle_interface/install/vehicle_interface/share/ament_index/resource_index/packages
[0.452s] copying resource/vehicle_interface -> /home/miquel/ros2_ws/src/vehicle_interface/install/vehicle_interface/share/ament_index/resource_index/packages
[0.452s] copying package.xml -> /home/miquel/ros2_ws/src/vehicle_interface/install/vehicle_interface/share/vehicle_interface
[0.452s] running install_egg_info
[0.452s] Copying build/vehicle_interface/vehicle_interface.egg-info to /home/miquel/ros2_ws/src/vehicle_interface/install/vehicle_interface/lib/python3.10/site-packages/vehicle_interface-0.0.0-py3.10.egg-info
[0.453s] running install_scripts
[0.466s] Installing vi script to /home/miquel/ros2_ws/src/vehicle_interface/install/vehicle_interface/lib/vehicle_interface
[0.466s] writing list of installed files to '/home/miquel/ros2_ws/src/vehicle_interface/build/vehicle_interface/install.log'
[0.480s] Invoked command in '/home/miquel/ros2_ws/src/vehicle_interface' returned '0': PYTHONPATH=/home/miquel/ros2_ws/src/vehicle_interface/build/vehicle_interface/prefix_override:/usr/lib/python3/dist-packages/colcon_core/task/python/colcon_distutils_commands:/home/miquel/ros2_ws/src/vehicle_interface/install/vehicle_interface/lib/python3.10/site-packages:${PYTHONPATH} /usr/bin/python3 -W ignore:setup.py install is deprecated -W ignore:easy_install command is deprecated setup.py egg_info --egg-base build/vehicle_interface build --build-base /home/miquel/ros2_ws/src/vehicle_interface/build/vehicle_interface/build install --record /home/miquel/ros2_ws/src/vehicle_interface/build/vehicle_interface/install.log --single-version-externally-managed install_data
