[0.020s] Invoking command in '/home/miquel/ros2_ws/build/autoware_auto_system_msgs': CMAKE_PREFIX_PATH=${CMAKE_PREFIX_PATH}:/home/miquel/ros2_ws/install/vehicle_interface:/home/miquel/ros2_ws/src/vehicle_interface/install/vehicle_interface:/opt/ros/humble /usr/bin/cmake /home/miquel/ros2_ws/src/autoware_auto_msgs/autoware_auto_system_msgs -DCMAKE_INSTALL_PREFIX=/home/miquel/ros2_ws/install/autoware_auto_system_msgs
[0.059s] -- The C compiler identification is GNU 11.4.0
[0.098s] -- The CXX compiler identification is GNU 11.4.0
[0.103s] -- Detecting C compiler ABI info
[0.167s] -- Detecting C compiler ABI info - done
[0.171s] -- Check for working C compiler: /usr/bin/cc - skipped
[0.171s] -- Detecting C compile features
[0.172s] -- Detecting C compile features - done
[0.173s] -- Detecting CXX compiler ABI info
[0.232s] -- Detecting CXX compiler ABI info - done
[0.237s] -- Check for working CXX compiler: /usr/bin/c++ - skipped
[0.237s] -- Detecting CXX compile features
[0.237s] -- Detecting CXX compile features - done
[0.238s] -- Found ament_cmake_auto: 1.3.11 (/opt/ros/humble/share/ament_cmake_auto/cmake)
[0.343s] -- Found Python3: /usr/bin/python3 (found version "3.10.12") found components: Interpreter 
[0.464s] -- Using all available rosidl_typesupport_c: rosidl_typesupport_fastrtps_c;rosidl_typesupport_introspection_c
[0.468s] -- Found rosidl_adapter: 3.1.6 (/opt/ros/humble/share/rosidl_adapter/cmake)
[0.496s] -- Using all available rosidl_typesupport_cpp: rosidl_typesupport_fastrtps_cpp;rosidl_typesupport_introspection_cpp
[0.624s] -- Found ament_cmake_cppcheck: 0.12.12 (/opt/ros/humble/share/ament_cmake_cppcheck/cmake)
[0.625s] -- Found ament_cmake_cpplint: 0.12.12 (/opt/ros/humble/share/ament_cmake_cpplint/cmake)
[0.626s] -- Found ament_cmake_uncrustify: 0.12.12 (/opt/ros/humble/share/ament_cmake_uncrustify/cmake)
[0.627s] -- Found ament_cmake_ros: 0.10.0 (/opt/ros/humble/share/ament_cmake_ros/cmake)
[0.834s] -- Using all available rosidl_typesupport_c: rosidl_typesupport_fastrtps_c;rosidl_typesupport_introspection_c
[1.116s] -- Using all available rosidl_typesupport_cpp: rosidl_typesupport_fastrtps_cpp;rosidl_typesupport_introspection_cpp
[1.139s] -- Found PythonInterp: /usr/bin/python3 (found suitable version "3.10.12", minimum required is "3.6") 
[1.140s] -- Found python_cmake_module: 0.10.0 (/opt/ros/humble/share/python_cmake_module/cmake)
[1.161s] -- Found PythonLibs: /usr/lib/x86_64-linux-gnu/libpython3.10.so (found suitable version "3.10.12", minimum required is "3.5") 
[1.161s] -- Using PYTHON_EXECUTABLE: /usr/bin/python3
[1.161s] -- Using PYTHON_INCLUDE_DIRS: /usr/include/python3.10
[1.161s] -- Using PYTHON_LIBRARIES: /usr/lib/x86_64-linux-gnu/libpython3.10.so
[1.180s] -- Found PythonExtra: .so  
[1.215s] -- Found ament_cmake_flake8: 0.12.12 (/opt/ros/humble/share/ament_cmake_flake8/cmake)
[1.217s] -- Found ament_cmake_pep257: 0.12.12 (/opt/ros/humble/share/ament_cmake_pep257/cmake)
[1.219s] -- Found ament_lint_auto: 0.12.12 (/opt/ros/humble/share/ament_lint_auto/cmake)
[1.230s] -- Added test 'copyright' to check source files copyright and LICENSE
[1.230s] -- Added test 'lint_cmake' to check CMake code style
[1.231s] -- Added test 'xmllint' to check XML markup files
[1.232s] -- Configuring done
[1.260s] -- Generating done
[1.270s] -- Build files have been written to: /home/miquel/ros2_ws/build/autoware_auto_system_msgs
[1.275s] Invoked command in '/home/miquel/ros2_ws/build/autoware_auto_system_msgs' returned '0': CMAKE_PREFIX_PATH=${CMAKE_PREFIX_PATH}:/home/miquel/ros2_ws/install/vehicle_interface:/home/miquel/ros2_ws/src/vehicle_interface/install/vehicle_interface:/opt/ros/humble /usr/bin/cmake /home/miquel/ros2_ws/src/autoware_auto_msgs/autoware_auto_system_msgs -DCMAKE_INSTALL_PREFIX=/home/miquel/ros2_ws/install/autoware_auto_system_msgs
[1.277s] Invoking command in '/home/miquel/ros2_ws/build/autoware_auto_system_msgs': CMAKE_PREFIX_PATH=${CMAKE_PREFIX_PATH}:/home/miquel/ros2_ws/install/vehicle_interface:/home/miquel/ros2_ws/src/vehicle_interface/install/vehicle_interface:/opt/ros/humble /usr/bin/cmake --build /home/miquel/ros2_ws/build/autoware_auto_system_msgs -- -j18 -l18
[1.325s] [  1%] [34m[1mGenerating C code for ROS interfaces[0m
[1.332s] [  2%] [34m[1mGenerating C++ code for ROS interfaces[0m
[1.347s] [  2%] Built target ament_cmake_python_copy_autoware_auto_system_msgs
[1.562s] running egg_info
[1.563s] creating autoware_auto_system_msgs.egg-info
[1.563s] writing autoware_auto_system_msgs.egg-info/PKG-INFO
[1.563s] writing dependency_links to autoware_auto_system_msgs.egg-info/dependency_links.txt
[1.563s] writing top-level names to autoware_auto_system_msgs.egg-info/top_level.txt
[1.563s] writing manifest file 'autoware_auto_system_msgs.egg-info/SOURCES.txt'
[1.564s] reading manifest file 'autoware_auto_system_msgs.egg-info/SOURCES.txt'
[1.565s] writing manifest file 'autoware_auto_system_msgs.egg-info/SOURCES.txt'
[1.585s] [  2%] Built target ament_cmake_python_build_autoware_auto_system_msgs_egg
[2.185s] [  2%] Built target autoware_auto_system_msgs__cpp
[2.206s] [  3%] [34m[1mGenerating C++ type support dispatch for ROS interfaces[0m
[2.245s] [  5%] [34m[1mGenerating C++ type support for eProsima Fast-RTPS[0m
[2.245s] [  6%] [34m[1mGenerating C++ introspection for ROS interfaces[0m
[2.411s] [  7%] [32mBuilding C object CMakeFiles/autoware_auto_system_msgs__rosidl_generator_c.dir/rosidl_generator_c/autoware_auto_system_msgs/msg/detail/diagnostic_header__functions.c.o[0m
[2.428s] [  8%] [32mBuilding C object CMakeFiles/autoware_auto_system_msgs__rosidl_generator_c.dir/rosidl_generator_c/autoware_auto_system_msgs/msg/detail/emergency_state__functions.c.o[0m
[2.429s] [ 10%] [32mBuilding C object CMakeFiles/autoware_auto_system_msgs__rosidl_generator_c.dir/rosidl_generator_c/autoware_auto_system_msgs/msg/detail/hazard_status_stamped__functions.c.o[0m
[2.434s] [ 11%] [32mBuilding C object CMakeFiles/autoware_auto_system_msgs__rosidl_generator_c.dir/rosidl_generator_c/autoware_auto_system_msgs/msg/detail/autoware_state__functions.c.o[0m
[2.436s] [ 15%] [32mBuilding C object CMakeFiles/autoware_auto_system_msgs__rosidl_generator_c.dir/rosidl_generator_c/autoware_auto_system_msgs/msg/detail/hazard_status__functions.c.o[0m
[2.442s] [ 12%] [32mBuilding C object CMakeFiles/autoware_auto_system_msgs__rosidl_generator_c.dir/rosidl_generator_c/autoware_auto_system_msgs/msg/detail/driving_capability__functions.c.o[0m
[2.445s] [ 13%] [32mBuilding C object CMakeFiles/autoware_auto_system_msgs__rosidl_generator_c.dir/rosidl_generator_c/autoware_auto_system_msgs/msg/detail/control_diagnostic__functions.c.o[0m
[2.810s] [ 16%] [32m[1mLinking C shared library libautoware_auto_system_msgs__rosidl_generator_c.so[0m
[3.052s] [ 16%] Built target autoware_auto_system_msgs__rosidl_generator_c
[3.148s] [ 17%] [34m[1mGenerating C introspection for ROS interfaces[0m
[3.209s] [ 18%] [34m[1mGenerating C type support dispatch for ROS interfaces[0m
[3.242s] [ 20%] [34m[1mGenerating C type support for eProsima Fast-RTPS[0m
[4.275s] [ 21%] [32mBuilding CXX object CMakeFiles/autoware_auto_system_msgs__rosidl_typesupport_fastrtps_cpp.dir/rosidl_typesupport_fastrtps_cpp/autoware_auto_system_msgs/msg/detail/dds_fastrtps/autoware_state__type_support.cpp.o[0m
[4.285s] [ 22%] [32mBuilding CXX object CMakeFiles/autoware_auto_system_msgs__rosidl_typesupport_fastrtps_cpp.dir/rosidl_typesupport_fastrtps_cpp/autoware_auto_system_msgs/msg/detail/dds_fastrtps/control_diagnostic__type_support.cpp.o[0m
[4.296s] [ 24%] [32mBuilding CXX object CMakeFiles/autoware_auto_system_msgs__rosidl_typesupport_fastrtps_cpp.dir/rosidl_typesupport_fastrtps_cpp/autoware_auto_system_msgs/msg/detail/dds_fastrtps/driving_capability__type_support.cpp.o[0m
[4.304s] [ 25%] [32mBuilding CXX object CMakeFiles/autoware_auto_system_msgs__rosidl_typesupport_fastrtps_cpp.dir/rosidl_typesupport_fastrtps_cpp/autoware_auto_system_msgs/msg/detail/dds_fastrtps/hazard_status_stamped__type_support.cpp.o[0m
[4.304s] [ 26%] [32mBuilding CXX object CMakeFiles/autoware_auto_system_msgs__rosidl_typesupport_fastrtps_cpp.dir/rosidl_typesupport_fastrtps_cpp/autoware_auto_system_msgs/msg/detail/dds_fastrtps/emergency_state__type_support.cpp.o[0m
[4.307s] [ 27%] [32mBuilding CXX object CMakeFiles/autoware_auto_system_msgs__rosidl_typesupport_fastrtps_cpp.dir/rosidl_typesupport_fastrtps_cpp/autoware_auto_system_msgs/msg/detail/dds_fastrtps/diagnostic_header__type_support.cpp.o[0m
[4.313s] [ 29%] [32mBuilding CXX object CMakeFiles/autoware_auto_system_msgs__rosidl_typesupport_fastrtps_cpp.dir/rosidl_typesupport_fastrtps_cpp/autoware_auto_system_msgs/msg/detail/dds_fastrtps/hazard_status__type_support.cpp.o[0m
[4.404s] [ 30%] [32mBuilding CXX object CMakeFiles/autoware_auto_system_msgs__rosidl_typesupport_cpp.dir/rosidl_typesupport_cpp/autoware_auto_system_msgs/msg/autoware_state__type_support.cpp.o[0m
[4.413s] [ 31%] [32mBuilding CXX object CMakeFiles/autoware_auto_system_msgs__rosidl_typesupport_cpp.dir/rosidl_typesupport_cpp/autoware_auto_system_msgs/msg/diagnostic_header__type_support.cpp.o[0m
[4.423s] [ 32%] [32mBuilding CXX object CMakeFiles/autoware_auto_system_msgs__rosidl_typesupport_cpp.dir/rosidl_typesupport_cpp/autoware_auto_system_msgs/msg/control_diagnostic__type_support.cpp.o[0m
[4.428s] [ 34%] [32mBuilding CXX object CMakeFiles/autoware_auto_system_msgs__rosidl_typesupport_cpp.dir/rosidl_typesupport_cpp/autoware_auto_system_msgs/msg/hazard_status_stamped__type_support.cpp.o[0m
[4.450s] [ 35%] [32mBuilding CXX object CMakeFiles/autoware_auto_system_msgs__rosidl_typesupport_cpp.dir/rosidl_typesupport_cpp/autoware_auto_system_msgs/msg/hazard_status__type_support.cpp.o[0m
[4.462s] [ 36%] [32mBuilding CXX object CMakeFiles/autoware_auto_system_msgs__rosidl_typesupport_cpp.dir/rosidl_typesupport_cpp/autoware_auto_system_msgs/msg/emergency_state__type_support.cpp.o[0m
[4.463s] [ 37%] [32mBuilding CXX object CMakeFiles/autoware_auto_system_msgs__rosidl_typesupport_cpp.dir/rosidl_typesupport_cpp/autoware_auto_system_msgs/msg/driving_capability__type_support.cpp.o[0m
[5.017s] [ 39%] [32mBuilding C object CMakeFiles/autoware_auto_system_msgs__rosidl_typesupport_introspection_c.dir/rosidl_typesupport_introspection_c/autoware_auto_system_msgs/msg/detail/autoware_state__type_support.c.o[0m
[5.032s] [ 40%] [32mBuilding CXX object CMakeFiles/autoware_auto_system_msgs__rosidl_typesupport_introspection_cpp.dir/rosidl_typesupport_introspection_cpp/autoware_auto_system_msgs/msg/detail/autoware_state__type_support.cpp.o[0m
[5.054s] [ 41%] [32mBuilding CXX object CMakeFiles/autoware_auto_system_msgs__rosidl_typesupport_introspection_cpp.dir/rosidl_typesupport_introspection_cpp/autoware_auto_system_msgs/msg/detail/diagnostic_header__type_support.cpp.o[0m
[5.058s] [ 43%] [32mBuilding CXX object CMakeFiles/autoware_auto_system_msgs__rosidl_typesupport_introspection_cpp.dir/rosidl_typesupport_introspection_cpp/autoware_auto_system_msgs/msg/detail/driving_capability__type_support.cpp.o[0m
[5.064s] [ 44%] [32mBuilding CXX object CMakeFiles/autoware_auto_system_msgs__rosidl_typesupport_introspection_cpp.dir/rosidl_typesupport_introspection_cpp/autoware_auto_system_msgs/msg/detail/control_diagnostic__type_support.cpp.o[0m
[5.071s] [ 45%] [32mBuilding CXX object CMakeFiles/autoware_auto_system_msgs__rosidl_typesupport_introspection_cpp.dir/rosidl_typesupport_introspection_cpp/autoware_auto_system_msgs/msg/detail/emergency_state__type_support.cpp.o[0m
[5.103s] [ 46%] [32mBuilding CXX object CMakeFiles/autoware_auto_system_msgs__rosidl_typesupport_introspection_cpp.dir/rosidl_typesupport_introspection_cpp/autoware_auto_system_msgs/msg/detail/hazard_status__type_support.cpp.o[0m
[5.108s] [ 48%] [32mBuilding C object CMakeFiles/autoware_auto_system_msgs__rosidl_typesupport_introspection_c.dir/rosidl_typesupport_introspection_c/autoware_auto_system_msgs/msg/detail/diagnostic_header__type_support.c.o[0m
[5.114s] [ 49%] [32mBuilding C object CMakeFiles/autoware_auto_system_msgs__rosidl_typesupport_introspection_c.dir/rosidl_typesupport_introspection_c/autoware_auto_system_msgs/msg/detail/control_diagnostic__type_support.c.o[0m
[5.118s] [ 50%] [32mBuilding CXX object CMakeFiles/autoware_auto_system_msgs__rosidl_typesupport_introspection_cpp.dir/rosidl_typesupport_introspection_cpp/autoware_auto_system_msgs/msg/detail/hazard_status_stamped__type_support.cpp.o[0m
[5.120s] [ 51%] [32mBuilding CXX object CMakeFiles/autoware_auto_system_msgs__rosidl_typesupport_fastrtps_c.dir/rosidl_typesupport_fastrtps_c/autoware_auto_system_msgs/msg/detail/autoware_state__type_support_c.cpp.o[0m
[5.126s] [ 53%] [32mBuilding C object CMakeFiles/autoware_auto_system_msgs__rosidl_typesupport_introspection_c.dir/rosidl_typesupport_introspection_c/autoware_auto_system_msgs/msg/detail/driving_capability__type_support.c.o[0m
[5.126s] [ 54%] [32mBuilding C object CMakeFiles/autoware_auto_system_msgs__rosidl_typesupport_introspection_c.dir/rosidl_typesupport_introspection_c/autoware_auto_system_msgs/msg/detail/emergency_state__type_support.c.o[0m
[5.163s] [ 55%] [32mBuilding C object CMakeFiles/autoware_auto_system_msgs__rosidl_typesupport_introspection_c.dir/rosidl_typesupport_introspection_c/autoware_auto_system_msgs/msg/detail/hazard_status__type_support.c.o[0m
[5.174s] [ 56%] [32mBuilding C object CMakeFiles/autoware_auto_system_msgs__rosidl_typesupport_introspection_c.dir/rosidl_typesupport_introspection_c/autoware_auto_system_msgs/msg/detail/hazard_status_stamped__type_support.c.o[0m
[5.175s] [ 58%] [32mBuilding CXX object CMakeFiles/autoware_auto_system_msgs__rosidl_typesupport_fastrtps_c.dir/rosidl_typesupport_fastrtps_c/autoware_auto_system_msgs/msg/detail/control_diagnostic__type_support_c.cpp.o[0m
[5.223s] [ 59%] [32mBuilding CXX object CMakeFiles/autoware_auto_system_msgs__rosidl_typesupport_fastrtps_c.dir/rosidl_typesupport_fastrtps_c/autoware_auto_system_msgs/msg/detail/diagnostic_header__type_support_c.cpp.o[0m
[5.238s] [ 60%] [32mBuilding CXX object CMakeFiles/autoware_auto_system_msgs__rosidl_typesupport_fastrtps_c.dir/rosidl_typesupport_fastrtps_c/autoware_auto_system_msgs/msg/detail/driving_capability__type_support_c.cpp.o[0m
[5.258s] [ 62%] [32mBuilding CXX object CMakeFiles/autoware_auto_system_msgs__rosidl_typesupport_c.dir/rosidl_typesupport_c/autoware_auto_system_msgs/msg/autoware_state__type_support.cpp.o[0m
[5.275s] [ 63%] [32m[1mLinking C shared library libautoware_auto_system_msgs__rosidl_typesupport_introspection_c.so[0m
[5.284s] [ 64%] [32mBuilding CXX object CMakeFiles/autoware_auto_system_msgs__rosidl_typesupport_c.dir/rosidl_typesupport_c/autoware_auto_system_msgs/msg/control_diagnostic__type_support.cpp.o[0m
[5.293s] [ 65%] [32mBuilding CXX object CMakeFiles/autoware_auto_system_msgs__rosidl_typesupport_c.dir/rosidl_typesupport_c/autoware_auto_system_msgs/msg/diagnostic_header__type_support.cpp.o[0m
[5.329s] [ 67%] [32m[1mLinking CXX shared library libautoware_auto_system_msgs__rosidl_typesupport_cpp.so[0m
[5.329s] [ 68%] [32mBuilding CXX object CMakeFiles/autoware_auto_system_msgs__rosidl_typesupport_fastrtps_c.dir/rosidl_typesupport_fastrtps_c/autoware_auto_system_msgs/msg/detail/emergency_state__type_support_c.cpp.o[0m
[5.344s] [ 69%] [32mBuilding CXX object CMakeFiles/autoware_auto_system_msgs__rosidl_typesupport_fastrtps_c.dir/rosidl_typesupport_fastrtps_c/autoware_auto_system_msgs/msg/detail/hazard_status__type_support_c.cpp.o[0m
[5.354s] [ 70%] [32mBuilding CXX object CMakeFiles/autoware_auto_system_msgs__rosidl_typesupport_c.dir/rosidl_typesupport_c/autoware_auto_system_msgs/msg/driving_capability__type_support.cpp.o[0m
[5.411s] [ 70%] Built target autoware_auto_system_msgs__rosidl_typesupport_introspection_c
[5.436s] [ 72%] [32mBuilding CXX object CMakeFiles/autoware_auto_system_msgs__rosidl_typesupport_fastrtps_c.dir/rosidl_typesupport_fastrtps_c/autoware_auto_system_msgs/msg/detail/hazard_status_stamped__type_support_c.cpp.o[0m
[5.464s] [ 73%] [32mBuilding CXX object CMakeFiles/autoware_auto_system_msgs__rosidl_typesupport_c.dir/rosidl_typesupport_c/autoware_auto_system_msgs/msg/emergency_state__type_support.cpp.o[0m
[5.469s] [ 74%] [32mBuilding CXX object CMakeFiles/autoware_auto_system_msgs__rosidl_typesupport_c.dir/rosidl_typesupport_c/autoware_auto_system_msgs/msg/hazard_status__type_support.cpp.o[0m
[5.519s] [ 74%] Built target autoware_auto_system_msgs__rosidl_typesupport_cpp
[5.569s] [ 75%] [32mBuilding CXX object CMakeFiles/autoware_auto_system_msgs__rosidl_typesupport_c.dir/rosidl_typesupport_c/autoware_auto_system_msgs/msg/hazard_status_stamped__type_support.cpp.o[0m
[5.593s] [ 77%] [32m[1mLinking CXX shared library libautoware_auto_system_msgs__rosidl_typesupport_fastrtps_cpp.so[0m
[5.624s] [ 78%] [32m[1mLinking CXX shared library libautoware_auto_system_msgs__rosidl_typesupport_c.so[0m
[5.691s] [ 78%] Built target autoware_auto_system_msgs__rosidl_typesupport_c
[5.712s] [ 78%] Built target autoware_auto_system_msgs__rosidl_typesupport_fastrtps_cpp
[5.790s] [ 79%] [32m[1mLinking CXX shared library libautoware_auto_system_msgs__rosidl_typesupport_fastrtps_c.so[0m
[5.842s] [ 79%] Built target autoware_auto_system_msgs__rosidl_typesupport_fastrtps_c
[5.856s] [ 81%] [32m[1mLinking CXX shared library libautoware_auto_system_msgs__rosidl_typesupport_introspection_cpp.so[0m
[5.917s] [ 81%] Built target autoware_auto_system_msgs__rosidl_typesupport_introspection_cpp
[5.933s] [ 81%] Built target autoware_auto_system_msgs
[5.951s] [ 82%] [34m[1mGenerating Python code for ROS interfaces[0m
[6.877s] [ 82%] Built target autoware_auto_system_msgs__py
[6.892s] [ 83%] [32mBuilding C object CMakeFiles/autoware_auto_system_msgs__rosidl_generator_py.dir/rosidl_generator_py/autoware_auto_system_msgs/msg/_autoware_state_s.c.o[0m
[6.892s] [ 84%] [32mBuilding C object CMakeFiles/autoware_auto_system_msgs__rosidl_generator_py.dir/rosidl_generator_py/autoware_auto_system_msgs/msg/_driving_capability_s.c.o[0m
[6.893s] [ 86%] [32mBuilding C object CMakeFiles/autoware_auto_system_msgs__rosidl_generator_py.dir/rosidl_generator_py/autoware_auto_system_msgs/msg/_hazard_status_s.c.o[0m
[6.895s] [ 88%] [32mBuilding C object CMakeFiles/autoware_auto_system_msgs__rosidl_generator_py.dir/rosidl_generator_py/autoware_auto_system_msgs/msg/_control_diagnostic_s.c.o[0m
[6.895s] [ 88%] [32mBuilding C object CMakeFiles/autoware_auto_system_msgs__rosidl_generator_py.dir/rosidl_generator_py/autoware_auto_system_msgs/msg/_diagnostic_header_s.c.o[0m
[6.895s] [ 89%] [32mBuilding C object CMakeFiles/autoware_auto_system_msgs__rosidl_generator_py.dir/rosidl_generator_py/autoware_auto_system_msgs/msg/_emergency_state_s.c.o[0m
[6.895s] [ 91%] [32mBuilding C object CMakeFiles/autoware_auto_system_msgs__rosidl_generator_py.dir/rosidl_generator_py/autoware_auto_system_msgs/msg/_hazard_status_stamped_s.c.o[0m
[7.004s] [ 92%] [32m[1mLinking C shared library rosidl_generator_py/autoware_auto_system_msgs/libautoware_auto_system_msgs__rosidl_generator_py.so[0m
[7.037s] [ 92%] Built target autoware_auto_system_msgs__rosidl_generator_py
[7.058s] [ 93%] [32mBuilding C object CMakeFiles/autoware_auto_system_msgs__rosidl_typesupport_introspection_c__pyext.dir/rosidl_generator_py/autoware_auto_system_msgs/_autoware_auto_system_msgs_s.ep.rosidl_typesupport_introspection_c.c.o[0m
[7.059s] [ 94%] [32mBuilding C object CMakeFiles/autoware_auto_system_msgs__rosidl_typesupport_fastrtps_c__pyext.dir/rosidl_generator_py/autoware_auto_system_msgs/_autoware_auto_system_msgs_s.ep.rosidl_typesupport_fastrtps_c.c.o[0m
[7.060s] [ 96%] [32mBuilding C object CMakeFiles/autoware_auto_system_msgs__rosidl_typesupport_c__pyext.dir/rosidl_generator_py/autoware_auto_system_msgs/_autoware_auto_system_msgs_s.ep.rosidl_typesupport_c.c.o[0m
[7.144s] [ 97%] [32m[1mLinking C shared library rosidl_generator_py/autoware_auto_system_msgs/autoware_auto_system_msgs_s__rosidl_typesupport_c.cpython-310-x86_64-linux-gnu.so[0m
[7.145s] [ 98%] [32m[1mLinking C shared library rosidl_generator_py/autoware_auto_system_msgs/autoware_auto_system_msgs_s__rosidl_typesupport_fastrtps_c.cpython-310-x86_64-linux-gnu.so[0m
[7.147s] [100%] [32m[1mLinking C shared library rosidl_generator_py/autoware_auto_system_msgs/autoware_auto_system_msgs_s__rosidl_typesupport_introspection_c.cpython-310-x86_64-linux-gnu.so[0m
[7.187s] [100%] Built target autoware_auto_system_msgs__rosidl_typesupport_introspection_c__pyext
[7.189s] [100%] Built target autoware_auto_system_msgs__rosidl_typesupport_c__pyext
[7.191s] [100%] Built target autoware_auto_system_msgs__rosidl_typesupport_fastrtps_c__pyext
[7.201s] Invoked command in '/home/miquel/ros2_ws/build/autoware_auto_system_msgs' returned '0': CMAKE_PREFIX_PATH=${CMAKE_PREFIX_PATH}:/home/miquel/ros2_ws/install/vehicle_interface:/home/miquel/ros2_ws/src/vehicle_interface/install/vehicle_interface:/opt/ros/humble /usr/bin/cmake --build /home/miquel/ros2_ws/build/autoware_auto_system_msgs -- -j18 -l18
[7.203s] Invoking command in '/home/miquel/ros2_ws/build/autoware_auto_system_msgs': CMAKE_PREFIX_PATH=${CMAKE_PREFIX_PATH}:/home/miquel/ros2_ws/install/vehicle_interface:/home/miquel/ros2_ws/src/vehicle_interface/install/vehicle_interface:/opt/ros/humble /usr/bin/cmake --install /home/miquel/ros2_ws/build/autoware_auto_system_msgs
[7.211s] -- Install configuration: ""
[7.211s] -- Installing: /home/miquel/ros2_ws/install/autoware_auto_system_msgs/share/ament_index/resource_index/rosidl_interfaces/autoware_auto_system_msgs
[7.211s] -- Installing: /home/miquel/ros2_ws/install/autoware_auto_system_msgs/include/autoware_auto_system_msgs/autoware_auto_system_msgs
[7.211s] -- Installing: /home/miquel/ros2_ws/install/autoware_auto_system_msgs/include/autoware_auto_system_msgs/autoware_auto_system_msgs/msg
[7.211s] -- Installing: /home/miquel/ros2_ws/install/autoware_auto_system_msgs/include/autoware_auto_system_msgs/autoware_auto_system_msgs/msg/emergency_state.h
[7.211s] -- Installing: /home/miquel/ros2_ws/install/autoware_auto_system_msgs/include/autoware_auto_system_msgs/autoware_auto_system_msgs/msg/control_diagnostic.h
[7.211s] -- Installing: /home/miquel/ros2_ws/install/autoware_auto_system_msgs/include/autoware_auto_system_msgs/autoware_auto_system_msgs/msg/detail
[7.211s] -- Installing: /home/miquel/ros2_ws/install/autoware_auto_system_msgs/include/autoware_auto_system_msgs/autoware_auto_system_msgs/msg/detail/hazard_status_stamped__functions.h
[7.211s] -- Installing: /home/miquel/ros2_ws/install/autoware_auto_system_msgs/include/autoware_auto_system_msgs/autoware_auto_system_msgs/msg/detail/diagnostic_header__functions.c
[7.211s] -- Installing: /home/miquel/ros2_ws/install/autoware_auto_system_msgs/include/autoware_auto_system_msgs/autoware_auto_system_msgs/msg/detail/autoware_state__struct.h
[7.212s] -- Installing: /home/miquel/ros2_ws/install/autoware_auto_system_msgs/include/autoware_auto_system_msgs/autoware_auto_system_msgs/msg/detail/driving_capability__functions.h
[7.212s] -- Installing: /home/miquel/ros2_ws/install/autoware_auto_system_msgs/include/autoware_auto_system_msgs/autoware_auto_system_msgs/msg/detail/hazard_status__functions.h
[7.212s] -- Installing: /home/miquel/ros2_ws/install/autoware_auto_system_msgs/include/autoware_auto_system_msgs/autoware_auto_system_msgs/msg/detail/driving_capability__functions.c
[7.212s] -- Installing: /home/miquel/ros2_ws/install/autoware_auto_system_msgs/include/autoware_auto_system_msgs/autoware_auto_system_msgs/msg/detail/hazard_status_stamped__type_support.h
[7.212s] -- Installing: /home/miquel/ros2_ws/install/autoware_auto_system_msgs/include/autoware_auto_system_msgs/autoware_auto_system_msgs/msg/detail/driving_capability__type_support.h
[7.212s] -- Installing: /home/miquel/ros2_ws/install/autoware_auto_system_msgs/include/autoware_auto_system_msgs/autoware_auto_system_msgs/msg/detail/hazard_status__struct.h
[7.212s] -- Installing: /home/miquel/ros2_ws/install/autoware_auto_system_msgs/include/autoware_auto_system_msgs/autoware_auto_system_msgs/msg/detail/autoware_state__functions.c
[7.212s] -- Installing: /home/miquel/ros2_ws/install/autoware_auto_system_msgs/include/autoware_auto_system_msgs/autoware_auto_system_msgs/msg/detail/control_diagnostic__type_support.h
[7.212s] -- Installing: /home/miquel/ros2_ws/install/autoware_auto_system_msgs/include/autoware_auto_system_msgs/autoware_auto_system_msgs/msg/detail/driving_capability__struct.h
[7.212s] -- Installing: /home/miquel/ros2_ws/install/autoware_auto_system_msgs/include/autoware_auto_system_msgs/autoware_auto_system_msgs/msg/detail/hazard_status_stamped__struct.h
[7.212s] -- Installing: /home/miquel/ros2_ws/install/autoware_auto_system_msgs/include/autoware_auto_system_msgs/autoware_auto_system_msgs/msg/detail/hazard_status_stamped__functions.c
[7.212s] -- Installing: /home/miquel/ros2_ws/install/autoware_auto_system_msgs/include/autoware_auto_system_msgs/autoware_auto_system_msgs/msg/detail/diagnostic_header__struct.h
[7.212s] -- Installing: /home/miquel/ros2_ws/install/autoware_auto_system_msgs/include/autoware_auto_system_msgs/autoware_auto_system_msgs/msg/detail/autoware_state__functions.h
[7.212s] -- Installing: /home/miquel/ros2_ws/install/autoware_auto_system_msgs/include/autoware_auto_system_msgs/autoware_auto_system_msgs/msg/detail/diagnostic_header__functions.h
[7.212s] -- Installing: /home/miquel/ros2_ws/install/autoware_auto_system_msgs/include/autoware_auto_system_msgs/autoware_auto_system_msgs/msg/detail/emergency_state__functions.c
[7.213s] -- Installing: /home/miquel/ros2_ws/install/autoware_auto_system_msgs/include/autoware_auto_system_msgs/autoware_auto_system_msgs/msg/detail/hazard_status__functions.c
[7.213s] -- Installing: /home/miquel/ros2_ws/install/autoware_auto_system_msgs/include/autoware_auto_system_msgs/autoware_auto_system_msgs/msg/detail/control_diagnostic__functions.h
[7.213s] -- Installing: /home/miquel/ros2_ws/install/autoware_auto_system_msgs/include/autoware_auto_system_msgs/autoware_auto_system_msgs/msg/detail/control_diagnostic__functions.c
[7.213s] -- Installing: /home/miquel/ros2_ws/install/autoware_auto_system_msgs/include/autoware_auto_system_msgs/autoware_auto_system_msgs/msg/detail/hazard_status__type_support.h
[7.213s] -- Installing: /home/miquel/ros2_ws/install/autoware_auto_system_msgs/include/autoware_auto_system_msgs/autoware_auto_system_msgs/msg/detail/control_diagnostic__struct.h
[7.213s] -- Installing: /home/miquel/ros2_ws/install/autoware_auto_system_msgs/include/autoware_auto_system_msgs/autoware_auto_system_msgs/msg/detail/autoware_state__type_support.h
[7.213s] -- Installing: /home/miquel/ros2_ws/install/autoware_auto_system_msgs/include/autoware_auto_system_msgs/autoware_auto_system_msgs/msg/detail/emergency_state__functions.h
[7.213s] -- Installing: /home/miquel/ros2_ws/install/autoware_auto_system_msgs/include/autoware_auto_system_msgs/autoware_auto_system_msgs/msg/detail/diagnostic_header__type_support.h
[7.213s] -- Installing: /home/miquel/ros2_ws/install/autoware_auto_system_msgs/include/autoware_auto_system_msgs/autoware_auto_system_msgs/msg/detail/emergency_state__struct.h
[7.213s] -- Installing: /home/miquel/ros2_ws/install/autoware_auto_system_msgs/include/autoware_auto_system_msgs/autoware_auto_system_msgs/msg/detail/emergency_state__type_support.h
[7.213s] -- Installing: /home/miquel/ros2_ws/install/autoware_auto_system_msgs/include/autoware_auto_system_msgs/autoware_auto_system_msgs/msg/hazard_status.h
[7.213s] -- Installing: /home/miquel/ros2_ws/install/autoware_auto_system_msgs/include/autoware_auto_system_msgs/autoware_auto_system_msgs/msg/hazard_status_stamped.h
[7.213s] -- Installing: /home/miquel/ros2_ws/install/autoware_auto_system_msgs/include/autoware_auto_system_msgs/autoware_auto_system_msgs/msg/autoware_state.h
[7.213s] -- Installing: /home/miquel/ros2_ws/install/autoware_auto_system_msgs/include/autoware_auto_system_msgs/autoware_auto_system_msgs/msg/diagnostic_header.h
[7.213s] -- Installing: /home/miquel/ros2_ws/install/autoware_auto_system_msgs/include/autoware_auto_system_msgs/autoware_auto_system_msgs/msg/driving_capability.h
[7.214s] -- Installing: /home/miquel/ros2_ws/install/autoware_auto_system_msgs/include/autoware_auto_system_msgs/autoware_auto_system_msgs/msg/rosidl_generator_c__visibility_control.h
[7.214s] -- Installing: /home/miquel/ros2_ws/install/autoware_auto_system_msgs/share/autoware_auto_system_msgs/environment/library_path.sh
[7.214s] -- Installing: /home/miquel/ros2_ws/install/autoware_auto_system_msgs/share/autoware_auto_system_msgs/environment/library_path.dsv
[7.214s] -- Installing: /home/miquel/ros2_ws/install/autoware_auto_system_msgs/lib/libautoware_auto_system_msgs__rosidl_generator_c.so
[7.214s] -- Set runtime path of "/home/miquel/ros2_ws/install/autoware_auto_system_msgs/lib/libautoware_auto_system_msgs__rosidl_generator_c.so" to ""
[7.214s] -- Up-to-date: /home/miquel/ros2_ws/install/autoware_auto_system_msgs/include/autoware_auto_system_msgs/autoware_auto_system_msgs
[7.214s] -- Up-to-date: /home/miquel/ros2_ws/install/autoware_auto_system_msgs/include/autoware_auto_system_msgs/autoware_auto_system_msgs/msg
[7.214s] -- Up-to-date: /home/miquel/ros2_ws/install/autoware_auto_system_msgs/include/autoware_auto_system_msgs/autoware_auto_system_msgs/msg/detail
[7.214s] -- Installing: /home/miquel/ros2_ws/install/autoware_auto_system_msgs/include/autoware_auto_system_msgs/autoware_auto_system_msgs/msg/detail/control_diagnostic__rosidl_typesupport_fastrtps_c.h
[7.214s] -- Installing: /home/miquel/ros2_ws/install/autoware_auto_system_msgs/include/autoware_auto_system_msgs/autoware_auto_system_msgs/msg/detail/diagnostic_header__rosidl_typesupport_fastrtps_c.h
[7.214s] -- Installing: /home/miquel/ros2_ws/install/autoware_auto_system_msgs/include/autoware_auto_system_msgs/autoware_auto_system_msgs/msg/detail/driving_capability__rosidl_typesupport_fastrtps_c.h
[7.214s] -- Installing: /home/miquel/ros2_ws/install/autoware_auto_system_msgs/include/autoware_auto_system_msgs/autoware_auto_system_msgs/msg/detail/hazard_status_stamped__rosidl_typesupport_fastrtps_c.h
[7.214s] -- Installing: /home/miquel/ros2_ws/install/autoware_auto_system_msgs/include/autoware_auto_system_msgs/autoware_auto_system_msgs/msg/detail/hazard_status__rosidl_typesupport_fastrtps_c.h
[7.214s] -- Installing: /home/miquel/ros2_ws/install/autoware_auto_system_msgs/include/autoware_auto_system_msgs/autoware_auto_system_msgs/msg/detail/emergency_state__rosidl_typesupport_fastrtps_c.h
[7.214s] -- Installing: /home/miquel/ros2_ws/install/autoware_auto_system_msgs/include/autoware_auto_system_msgs/autoware_auto_system_msgs/msg/detail/autoware_state__rosidl_typesupport_fastrtps_c.h
[7.214s] -- Installing: /home/miquel/ros2_ws/install/autoware_auto_system_msgs/include/autoware_auto_system_msgs/autoware_auto_system_msgs/msg/rosidl_typesupport_fastrtps_c__visibility_control.h
[7.215s] -- Installing: /home/miquel/ros2_ws/install/autoware_auto_system_msgs/lib/libautoware_auto_system_msgs__rosidl_typesupport_fastrtps_c.so
[7.215s] -- Set runtime path of "/home/miquel/ros2_ws/install/autoware_auto_system_msgs/lib/libautoware_auto_system_msgs__rosidl_typesupport_fastrtps_c.so" to ""
[7.215s] -- Up-to-date: /home/miquel/ros2_ws/install/autoware_auto_system_msgs/include/autoware_auto_system_msgs/autoware_auto_system_msgs
[7.215s] -- Up-to-date: /home/miquel/ros2_ws/install/autoware_auto_system_msgs/include/autoware_auto_system_msgs/autoware_auto_system_msgs/msg
[7.215s] -- Up-to-date: /home/miquel/ros2_ws/install/autoware_auto_system_msgs/include/autoware_auto_system_msgs/autoware_auto_system_msgs/msg/detail
[7.215s] -- Installing: /home/miquel/ros2_ws/install/autoware_auto_system_msgs/include/autoware_auto_system_msgs/autoware_auto_system_msgs/msg/detail/driving_capability__type_support.c
[7.215s] -- Installing: /home/miquel/ros2_ws/install/autoware_auto_system_msgs/include/autoware_auto_system_msgs/autoware_auto_system_msgs/msg/detail/diagnostic_header__rosidl_typesupport_introspection_c.h
[7.215s] -- Installing: /home/miquel/ros2_ws/install/autoware_auto_system_msgs/include/autoware_auto_system_msgs/autoware_auto_system_msgs/msg/detail/control_diagnostic__rosidl_typesupport_introspection_c.h
[7.215s] -- Installing: /home/miquel/ros2_ws/install/autoware_auto_system_msgs/include/autoware_auto_system_msgs/autoware_auto_system_msgs/msg/detail/hazard_status__rosidl_typesupport_introspection_c.h
[7.215s] -- Installing: /home/miquel/ros2_ws/install/autoware_auto_system_msgs/include/autoware_auto_system_msgs/autoware_auto_system_msgs/msg/detail/autoware_state__type_support.c
[7.215s] -- Installing: /home/miquel/ros2_ws/install/autoware_auto_system_msgs/include/autoware_auto_system_msgs/autoware_auto_system_msgs/msg/detail/driving_capability__rosidl_typesupport_introspection_c.h
[7.215s] -- Installing: /home/miquel/ros2_ws/install/autoware_auto_system_msgs/include/autoware_auto_system_msgs/autoware_auto_system_msgs/msg/detail/hazard_status__type_support.c
[7.215s] -- Installing: /home/miquel/ros2_ws/install/autoware_auto_system_msgs/include/autoware_auto_system_msgs/autoware_auto_system_msgs/msg/detail/autoware_state__rosidl_typesupport_introspection_c.h
[7.215s] -- Installing: /home/miquel/ros2_ws/install/autoware_auto_system_msgs/include/autoware_auto_system_msgs/autoware_auto_system_msgs/msg/detail/hazard_status_stamped__type_support.c
[7.215s] -- Installing: /home/miquel/ros2_ws/install/autoware_auto_system_msgs/include/autoware_auto_system_msgs/autoware_auto_system_msgs/msg/detail/emergency_state__type_support.c
[7.215s] -- Installing: /home/miquel/ros2_ws/install/autoware_auto_system_msgs/include/autoware_auto_system_msgs/autoware_auto_system_msgs/msg/detail/diagnostic_header__type_support.c
[7.215s] -- Installing: /home/miquel/ros2_ws/install/autoware_auto_system_msgs/include/autoware_auto_system_msgs/autoware_auto_system_msgs/msg/detail/emergency_state__rosidl_typesupport_introspection_c.h
[7.215s] -- Installing: /home/miquel/ros2_ws/install/autoware_auto_system_msgs/include/autoware_auto_system_msgs/autoware_auto_system_msgs/msg/detail/hazard_status_stamped__rosidl_typesupport_introspection_c.h
[7.215s] -- Installing: /home/miquel/ros2_ws/install/autoware_auto_system_msgs/include/autoware_auto_system_msgs/autoware_auto_system_msgs/msg/detail/control_diagnostic__type_support.c
[7.215s] -- Installing: /home/miquel/ros2_ws/install/autoware_auto_system_msgs/include/autoware_auto_system_msgs/autoware_auto_system_msgs/msg/rosidl_typesupport_introspection_c__visibility_control.h
[7.215s] -- Installing: /home/miquel/ros2_ws/install/autoware_auto_system_msgs/lib/libautoware_auto_system_msgs__rosidl_typesupport_introspection_c.so
[7.215s] -- Set runtime path of "/home/miquel/ros2_ws/install/autoware_auto_system_msgs/lib/libautoware_auto_system_msgs__rosidl_typesupport_introspection_c.so" to ""
[7.215s] -- Installing: /home/miquel/ros2_ws/install/autoware_auto_system_msgs/lib/libautoware_auto_system_msgs__rosidl_typesupport_c.so
[7.216s] -- Set runtime path of "/home/miquel/ros2_ws/install/autoware_auto_system_msgs/lib/libautoware_auto_system_msgs__rosidl_typesupport_c.so" to ""
[7.216s] -- Up-to-date: /home/miquel/ros2_ws/install/autoware_auto_system_msgs/include/autoware_auto_system_msgs/autoware_auto_system_msgs
[7.216s] -- Up-to-date: /home/miquel/ros2_ws/install/autoware_auto_system_msgs/include/autoware_auto_system_msgs/autoware_auto_system_msgs/msg
[7.216s] -- Installing: /home/miquel/ros2_ws/install/autoware_auto_system_msgs/include/autoware_auto_system_msgs/autoware_auto_system_msgs/msg/autoware_state.hpp
[7.216s] -- Installing: /home/miquel/ros2_ws/install/autoware_auto_system_msgs/include/autoware_auto_system_msgs/autoware_auto_system_msgs/msg/rosidl_generator_cpp__visibility_control.hpp
[7.216s] -- Installing: /home/miquel/ros2_ws/install/autoware_auto_system_msgs/include/autoware_auto_system_msgs/autoware_auto_system_msgs/msg/driving_capability.hpp
[7.216s] -- Installing: /home/miquel/ros2_ws/install/autoware_auto_system_msgs/include/autoware_auto_system_msgs/autoware_auto_system_msgs/msg/emergency_state.hpp
[7.216s] -- Up-to-date: /home/miquel/ros2_ws/install/autoware_auto_system_msgs/include/autoware_auto_system_msgs/autoware_auto_system_msgs/msg/detail
[7.216s] -- Installing: /home/miquel/ros2_ws/install/autoware_auto_system_msgs/include/autoware_auto_system_msgs/autoware_auto_system_msgs/msg/detail/hazard_status__builder.hpp
[7.216s] -- Installing: /home/miquel/ros2_ws/install/autoware_auto_system_msgs/include/autoware_auto_system_msgs/autoware_auto_system_msgs/msg/detail/diagnostic_header__struct.hpp
[7.216s] -- Installing: /home/miquel/ros2_ws/install/autoware_auto_system_msgs/include/autoware_auto_system_msgs/autoware_auto_system_msgs/msg/detail/driving_capability__traits.hpp
[7.216s] -- Installing: /home/miquel/ros2_ws/install/autoware_auto_system_msgs/include/autoware_auto_system_msgs/autoware_auto_system_msgs/msg/detail/diagnostic_header__builder.hpp
[7.216s] -- Installing: /home/miquel/ros2_ws/install/autoware_auto_system_msgs/include/autoware_auto_system_msgs/autoware_auto_system_msgs/msg/detail/hazard_status__traits.hpp
[7.216s] -- Installing: /home/miquel/ros2_ws/install/autoware_auto_system_msgs/include/autoware_auto_system_msgs/autoware_auto_system_msgs/msg/detail/autoware_state__builder.hpp
[7.216s] -- Installing: /home/miquel/ros2_ws/install/autoware_auto_system_msgs/include/autoware_auto_system_msgs/autoware_auto_system_msgs/msg/detail/emergency_state__type_support.hpp
[7.216s] -- Installing: /home/miquel/ros2_ws/install/autoware_auto_system_msgs/include/autoware_auto_system_msgs/autoware_auto_system_msgs/msg/detail/autoware_state__type_support.hpp
[7.216s] -- Installing: /home/miquel/ros2_ws/install/autoware_auto_system_msgs/include/autoware_auto_system_msgs/autoware_auto_system_msgs/msg/detail/hazard_status_stamped__builder.hpp
[7.216s] -- Installing: /home/miquel/ros2_ws/install/autoware_auto_system_msgs/include/autoware_auto_system_msgs/autoware_auto_system_msgs/msg/detail/hazard_status__struct.hpp
[7.216s] -- Installing: /home/miquel/ros2_ws/install/autoware_auto_system_msgs/include/autoware_auto_system_msgs/autoware_auto_system_msgs/msg/detail/driving_capability__builder.hpp
[7.217s] -- Installing: /home/miquel/ros2_ws/install/autoware_auto_system_msgs/include/autoware_auto_system_msgs/autoware_auto_system_msgs/msg/detail/control_diagnostic__traits.hpp
[7.217s] -- Installing: /home/miquel/ros2_ws/install/autoware_auto_system_msgs/include/autoware_auto_system_msgs/autoware_auto_system_msgs/msg/detail/autoware_state__struct.hpp
[7.217s] -- Installing: /home/miquel/ros2_ws/install/autoware_auto_system_msgs/include/autoware_auto_system_msgs/autoware_auto_system_msgs/msg/detail/hazard_status__type_support.hpp
[7.217s] -- Installing: /home/miquel/ros2_ws/install/autoware_auto_system_msgs/include/autoware_auto_system_msgs/autoware_auto_system_msgs/msg/detail/control_diagnostic__type_support.hpp
[7.217s] -- Installing: /home/miquel/ros2_ws/install/autoware_auto_system_msgs/include/autoware_auto_system_msgs/autoware_auto_system_msgs/msg/detail/hazard_status_stamped__traits.hpp
[7.217s] -- Installing: /home/miquel/ros2_ws/install/autoware_auto_system_msgs/include/autoware_auto_system_msgs/autoware_auto_system_msgs/msg/detail/control_diagnostic__struct.hpp
[7.217s] -- Installing: /home/miquel/ros2_ws/install/autoware_auto_system_msgs/include/autoware_auto_system_msgs/autoware_auto_system_msgs/msg/detail/control_diagnostic__builder.hpp
[7.217s] -- Installing: /home/miquel/ros2_ws/install/autoware_auto_system_msgs/include/autoware_auto_system_msgs/autoware_auto_system_msgs/msg/detail/diagnostic_header__traits.hpp
[7.217s] -- Installing: /home/miquel/ros2_ws/install/autoware_auto_system_msgs/include/autoware_auto_system_msgs/autoware_auto_system_msgs/msg/detail/driving_capability__type_support.hpp
[7.217s] -- Installing: /home/miquel/ros2_ws/install/autoware_auto_system_msgs/include/autoware_auto_system_msgs/autoware_auto_system_msgs/msg/detail/autoware_state__traits.hpp
[7.217s] -- Installing: /home/miquel/ros2_ws/install/autoware_auto_system_msgs/include/autoware_auto_system_msgs/autoware_auto_system_msgs/msg/detail/hazard_status_stamped__type_support.hpp
[7.217s] -- Installing: /home/miquel/ros2_ws/install/autoware_auto_system_msgs/include/autoware_auto_system_msgs/autoware_auto_system_msgs/msg/detail/diagnostic_header__type_support.hpp
[7.217s] -- Installing: /home/miquel/ros2_ws/install/autoware_auto_system_msgs/include/autoware_auto_system_msgs/autoware_auto_system_msgs/msg/detail/emergency_state__builder.hpp
[7.217s] -- Installing: /home/miquel/ros2_ws/install/autoware_auto_system_msgs/include/autoware_auto_system_msgs/autoware_auto_system_msgs/msg/detail/driving_capability__struct.hpp
[7.217s] -- Installing: /home/miquel/ros2_ws/install/autoware_auto_system_msgs/include/autoware_auto_system_msgs/autoware_auto_system_msgs/msg/detail/hazard_status_stamped__struct.hpp
[7.218s] -- Installing: /home/miquel/ros2_ws/install/autoware_auto_system_msgs/include/autoware_auto_system_msgs/autoware_auto_system_msgs/msg/detail/emergency_state__struct.hpp
[7.218s] -- Installing: /home/miquel/ros2_ws/install/autoware_auto_system_msgs/include/autoware_auto_system_msgs/autoware_auto_system_msgs/msg/detail/emergency_state__traits.hpp
[7.218s] -- Installing: /home/miquel/ros2_ws/install/autoware_auto_system_msgs/include/autoware_auto_system_msgs/autoware_auto_system_msgs/msg/control_diagnostic.hpp
[7.218s] -- Installing: /home/miquel/ros2_ws/install/autoware_auto_system_msgs/include/autoware_auto_system_msgs/autoware_auto_system_msgs/msg/diagnostic_header.hpp
[7.218s] -- Installing: /home/miquel/ros2_ws/install/autoware_auto_system_msgs/include/autoware_auto_system_msgs/autoware_auto_system_msgs/msg/hazard_status.hpp
[7.218s] -- Installing: /home/miquel/ros2_ws/install/autoware_auto_system_msgs/include/autoware_auto_system_msgs/autoware_auto_system_msgs/msg/hazard_status_stamped.hpp
[7.218s] -- Up-to-date: /home/miquel/ros2_ws/install/autoware_auto_system_msgs/include/autoware_auto_system_msgs/autoware_auto_system_msgs
[7.218s] -- Up-to-date: /home/miquel/ros2_ws/install/autoware_auto_system_msgs/include/autoware_auto_system_msgs/autoware_auto_system_msgs/msg
[7.218s] -- Up-to-date: /home/miquel/ros2_ws/install/autoware_auto_system_msgs/include/autoware_auto_system_msgs/autoware_auto_system_msgs/msg/detail
[7.218s] -- Installing: /home/miquel/ros2_ws/install/autoware_auto_system_msgs/include/autoware_auto_system_msgs/autoware_auto_system_msgs/msg/detail/hazard_status_stamped__rosidl_typesupport_fastrtps_cpp.hpp
[7.218s] -- Installing: /home/miquel/ros2_ws/install/autoware_auto_system_msgs/include/autoware_auto_system_msgs/autoware_auto_system_msgs/msg/detail/driving_capability__rosidl_typesupport_fastrtps_cpp.hpp
[7.218s] -- Installing: /home/miquel/ros2_ws/install/autoware_auto_system_msgs/include/autoware_auto_system_msgs/autoware_auto_system_msgs/msg/detail/emergency_state__rosidl_typesupport_fastrtps_cpp.hpp
[7.218s] -- Installing: /home/miquel/ros2_ws/install/autoware_auto_system_msgs/include/autoware_auto_system_msgs/autoware_auto_system_msgs/msg/detail/autoware_state__rosidl_typesupport_fastrtps_cpp.hpp
[7.218s] -- Installing: /home/miquel/ros2_ws/install/autoware_auto_system_msgs/include/autoware_auto_system_msgs/autoware_auto_system_msgs/msg/detail/control_diagnostic__rosidl_typesupport_fastrtps_cpp.hpp
[7.218s] -- Installing: /home/miquel/ros2_ws/install/autoware_auto_system_msgs/include/autoware_auto_system_msgs/autoware_auto_system_msgs/msg/detail/hazard_status__rosidl_typesupport_fastrtps_cpp.hpp
[7.218s] -- Installing: /home/miquel/ros2_ws/install/autoware_auto_system_msgs/include/autoware_auto_system_msgs/autoware_auto_system_msgs/msg/detail/diagnostic_header__rosidl_typesupport_fastrtps_cpp.hpp
[7.218s] -- Installing: /home/miquel/ros2_ws/install/autoware_auto_system_msgs/include/autoware_auto_system_msgs/autoware_auto_system_msgs/msg/detail/dds_fastrtps
[7.218s] -- Installing: /home/miquel/ros2_ws/install/autoware_auto_system_msgs/include/autoware_auto_system_msgs/autoware_auto_system_msgs/msg/rosidl_typesupport_fastrtps_cpp__visibility_control.h
[7.219s] -- Installing: /home/miquel/ros2_ws/install/autoware_auto_system_msgs/lib/libautoware_auto_system_msgs__rosidl_typesupport_fastrtps_cpp.so
[7.219s] -- Set runtime path of "/home/miquel/ros2_ws/install/autoware_auto_system_msgs/lib/libautoware_auto_system_msgs__rosidl_typesupport_fastrtps_cpp.so" to ""
[7.219s] -- Up-to-date: /home/miquel/ros2_ws/install/autoware_auto_system_msgs/include/autoware_auto_system_msgs/autoware_auto_system_msgs
[7.219s] -- Up-to-date: /home/miquel/ros2_ws/install/autoware_auto_system_msgs/include/autoware_auto_system_msgs/autoware_auto_system_msgs/msg
[7.219s] -- Up-to-date: /home/miquel/ros2_ws/install/autoware_auto_system_msgs/include/autoware_auto_system_msgs/autoware_auto_system_msgs/msg/detail
[7.219s] -- Installing: /home/miquel/ros2_ws/install/autoware_auto_system_msgs/include/autoware_auto_system_msgs/autoware_auto_system_msgs/msg/detail/control_diagnostic__type_support.cpp
[7.219s] -- Installing: /home/miquel/ros2_ws/install/autoware_auto_system_msgs/include/autoware_auto_system_msgs/autoware_auto_system_msgs/msg/detail/hazard_status__rosidl_typesupport_introspection_cpp.hpp
[7.219s] -- Installing: /home/miquel/ros2_ws/install/autoware_auto_system_msgs/include/autoware_auto_system_msgs/autoware_auto_system_msgs/msg/detail/autoware_state__type_support.cpp
[7.219s] -- Installing: /home/miquel/ros2_ws/install/autoware_auto_system_msgs/include/autoware_auto_system_msgs/autoware_auto_system_msgs/msg/detail/emergency_state__type_support.cpp
[7.219s] -- Installing: /home/miquel/ros2_ws/install/autoware_auto_system_msgs/include/autoware_auto_system_msgs/autoware_auto_system_msgs/msg/detail/emergency_state__rosidl_typesupport_introspection_cpp.hpp
[7.219s] -- Installing: /home/miquel/ros2_ws/install/autoware_auto_system_msgs/include/autoware_auto_system_msgs/autoware_auto_system_msgs/msg/detail/driving_capability__type_support.cpp
[7.219s] -- Installing: /home/miquel/ros2_ws/install/autoware_auto_system_msgs/include/autoware_auto_system_msgs/autoware_auto_system_msgs/msg/detail/diagnostic_header__type_support.cpp
[7.219s] -- Installing: /home/miquel/ros2_ws/install/autoware_auto_system_msgs/include/autoware_auto_system_msgs/autoware_auto_system_msgs/msg/detail/hazard_status__type_support.cpp
[7.219s] -- Installing: /home/miquel/ros2_ws/install/autoware_auto_system_msgs/include/autoware_auto_system_msgs/autoware_auto_system_msgs/msg/detail/control_diagnostic__rosidl_typesupport_introspection_cpp.hpp
[7.219s] -- Installing: /home/miquel/ros2_ws/install/autoware_auto_system_msgs/include/autoware_auto_system_msgs/autoware_auto_system_msgs/msg/detail/driving_capability__rosidl_typesupport_introspection_cpp.hpp
[7.220s] -- Installing: /home/miquel/ros2_ws/install/autoware_auto_system_msgs/include/autoware_auto_system_msgs/autoware_auto_system_msgs/msg/detail/hazard_status_stamped__rosidl_typesupport_introspection_cpp.hpp
[7.220s] -- Installing: /home/miquel/ros2_ws/install/autoware_auto_system_msgs/include/autoware_auto_system_msgs/autoware_auto_system_msgs/msg/detail/diagnostic_header__rosidl_typesupport_introspection_cpp.hpp
[7.220s] -- Installing: /home/miquel/ros2_ws/install/autoware_auto_system_msgs/include/autoware_auto_system_msgs/autoware_auto_system_msgs/msg/detail/autoware_state__rosidl_typesupport_introspection_cpp.hpp
[7.220s] -- Installing: /home/miquel/ros2_ws/install/autoware_auto_system_msgs/include/autoware_auto_system_msgs/autoware_auto_system_msgs/msg/detail/hazard_status_stamped__type_support.cpp
[7.220s] -- Installing: /home/miquel/ros2_ws/install/autoware_auto_system_msgs/lib/libautoware_auto_system_msgs__rosidl_typesupport_introspection_cpp.so
[7.220s] -- Set runtime path of "/home/miquel/ros2_ws/install/autoware_auto_system_msgs/lib/libautoware_auto_system_msgs__rosidl_typesupport_introspection_cpp.so" to ""
[7.220s] -- Installing: /home/miquel/ros2_ws/install/autoware_auto_system_msgs/lib/libautoware_auto_system_msgs__rosidl_typesupport_cpp.so
[7.220s] -- Set runtime path of "/home/miquel/ros2_ws/install/autoware_auto_system_msgs/lib/libautoware_auto_system_msgs__rosidl_typesupport_cpp.so" to ""
[7.220s] -- Installing: /home/miquel/ros2_ws/install/autoware_auto_system_msgs/share/autoware_auto_system_msgs/environment/pythonpath.sh
[7.220s] -- Installing: /home/miquel/ros2_ws/install/autoware_auto_system_msgs/share/autoware_auto_system_msgs/environment/pythonpath.dsv
[7.220s] -- Installing: /home/miquel/ros2_ws/install/autoware_auto_system_msgs/local/lib/python3.10/dist-packages/autoware_auto_system_msgs-1.0.0-py3.10.egg-info
[7.220s] -- Installing: /home/miquel/ros2_ws/install/autoware_auto_system_msgs/local/lib/python3.10/dist-packages/autoware_auto_system_msgs-1.0.0-py3.10.egg-info/PKG-INFO
[7.221s] -- Installing: /home/miquel/ros2_ws/install/autoware_auto_system_msgs/local/lib/python3.10/dist-packages/autoware_auto_system_msgs-1.0.0-py3.10.egg-info/dependency_links.txt
[7.221s] -- Installing: /home/miquel/ros2_ws/install/autoware_auto_system_msgs/local/lib/python3.10/dist-packages/autoware_auto_system_msgs-1.0.0-py3.10.egg-info/top_level.txt
[7.221s] -- Installing: /home/miquel/ros2_ws/install/autoware_auto_system_msgs/local/lib/python3.10/dist-packages/autoware_auto_system_msgs-1.0.0-py3.10.egg-info/SOURCES.txt
[7.221s] -- Installing: /home/miquel/ros2_ws/install/autoware_auto_system_msgs/local/lib/python3.10/dist-packages/autoware_auto_system_msgs
[7.221s] -- Installing: /home/miquel/ros2_ws/install/autoware_auto_system_msgs/local/lib/python3.10/dist-packages/autoware_auto_system_msgs/_autoware_auto_system_msgs_s.ep.rosidl_typesupport_fastrtps_c.c
[7.221s] -- Installing: /home/miquel/ros2_ws/install/autoware_auto_system_msgs/local/lib/python3.10/dist-packages/autoware_auto_system_msgs/autoware_auto_system_msgs_s__rosidl_typesupport_introspection_c.cpython-310-x86_64-linux-gnu.so
[7.221s] -- Installing: /home/miquel/ros2_ws/install/autoware_auto_system_msgs/local/lib/python3.10/dist-packages/autoware_auto_system_msgs/_autoware_auto_system_msgs_s.ep.rosidl_typesupport_c.c
[7.221s] -- Installing: /home/miquel/ros2_ws/install/autoware_auto_system_msgs/local/lib/python3.10/dist-packages/autoware_auto_system_msgs/_autoware_auto_system_msgs_s.ep.rosidl_typesupport_introspection_c.c
[7.221s] -- Installing: /home/miquel/ros2_ws/install/autoware_auto_system_msgs/local/lib/python3.10/dist-packages/autoware_auto_system_msgs/msg
[7.221s] -- Installing: /home/miquel/ros2_ws/install/autoware_auto_system_msgs/local/lib/python3.10/dist-packages/autoware_auto_system_msgs/msg/_diagnostic_header.py
[7.222s] -- Installing: /home/miquel/ros2_ws/install/autoware_auto_system_msgs/local/lib/python3.10/dist-packages/autoware_auto_system_msgs/msg/_hazard_status_stamped_s.c
[7.222s] -- Installing: /home/miquel/ros2_ws/install/autoware_auto_system_msgs/local/lib/python3.10/dist-packages/autoware_auto_system_msgs/msg/_diagnostic_header_s.c
[7.222s] -- Installing: /home/miquel/ros2_ws/install/autoware_auto_system_msgs/local/lib/python3.10/dist-packages/autoware_auto_system_msgs/msg/_hazard_status.py
[7.222s] -- Installing: /home/miquel/ros2_ws/install/autoware_auto_system_msgs/local/lib/python3.10/dist-packages/autoware_auto_system_msgs/msg/_hazard_status_stamped.py
[7.222s] -- Installing: /home/miquel/ros2_ws/install/autoware_auto_system_msgs/local/lib/python3.10/dist-packages/autoware_auto_system_msgs/msg/_driving_capability_s.c
[7.222s] -- Installing: /home/miquel/ros2_ws/install/autoware_auto_system_msgs/local/lib/python3.10/dist-packages/autoware_auto_system_msgs/msg/_emergency_state_s.c
[7.222s] -- Installing: /home/miquel/ros2_ws/install/autoware_auto_system_msgs/local/lib/python3.10/dist-packages/autoware_auto_system_msgs/msg/_driving_capability.py
[7.222s] -- Installing: /home/miquel/ros2_ws/install/autoware_auto_system_msgs/local/lib/python3.10/dist-packages/autoware_auto_system_msgs/msg/_control_diagnostic_s.c
[7.222s] -- Installing: /home/miquel/ros2_ws/install/autoware_auto_system_msgs/local/lib/python3.10/dist-packages/autoware_auto_system_msgs/msg/_autoware_state.py
[7.222s] -- Installing: /home/miquel/ros2_ws/install/autoware_auto_system_msgs/local/lib/python3.10/dist-packages/autoware_auto_system_msgs/msg/_control_diagnostic.py
[7.222s] -- Installing: /home/miquel/ros2_ws/install/autoware_auto_system_msgs/local/lib/python3.10/dist-packages/autoware_auto_system_msgs/msg/_hazard_status_s.c
[7.223s] -- Installing: /home/miquel/ros2_ws/install/autoware_auto_system_msgs/local/lib/python3.10/dist-packages/autoware_auto_system_msgs/msg/_emergency_state.py
[7.223s] -- Installing: /home/miquel/ros2_ws/install/autoware_auto_system_msgs/local/lib/python3.10/dist-packages/autoware_auto_system_msgs/msg/__init__.py
[7.223s] -- Installing: /home/miquel/ros2_ws/install/autoware_auto_system_msgs/local/lib/python3.10/dist-packages/autoware_auto_system_msgs/msg/_autoware_state_s.c
[7.223s] -- Installing: /home/miquel/ros2_ws/install/autoware_auto_system_msgs/local/lib/python3.10/dist-packages/autoware_auto_system_msgs/libautoware_auto_system_msgs__rosidl_generator_py.so
[7.223s] -- Installing: /home/miquel/ros2_ws/install/autoware_auto_system_msgs/local/lib/python3.10/dist-packages/autoware_auto_system_msgs/__init__.py
[7.223s] -- Installing: /home/miquel/ros2_ws/install/autoware_auto_system_msgs/local/lib/python3.10/dist-packages/autoware_auto_system_msgs/autoware_auto_system_msgs_s__rosidl_typesupport_fastrtps_c.cpython-310-x86_64-linux-gnu.so
[7.223s] -- Installing: /home/miquel/ros2_ws/install/autoware_auto_system_msgs/local/lib/python3.10/dist-packages/autoware_auto_system_msgs/autoware_auto_system_msgs_s__rosidl_typesupport_c.cpython-310-x86_64-linux-gnu.so
[7.263s] Listing '/home/miquel/ros2_ws/install/autoware_auto_system_msgs/local/lib/python3.10/dist-packages/autoware_auto_system_msgs'...
[7.263s] Compiling '/home/miquel/ros2_ws/install/autoware_auto_system_msgs/local/lib/python3.10/dist-packages/autoware_auto_system_msgs/__init__.py'...
[7.263s] Listing '/home/miquel/ros2_ws/install/autoware_auto_system_msgs/local/lib/python3.10/dist-packages/autoware_auto_system_msgs/msg'...
[7.263s] Compiling '/home/miquel/ros2_ws/install/autoware_auto_system_msgs/local/lib/python3.10/dist-packages/autoware_auto_system_msgs/msg/__init__.py'...
[7.263s] Compiling '/home/miquel/ros2_ws/install/autoware_auto_system_msgs/local/lib/python3.10/dist-packages/autoware_auto_system_msgs/msg/_autoware_state.py'...
[7.264s] Compiling '/home/miquel/ros2_ws/install/autoware_auto_system_msgs/local/lib/python3.10/dist-packages/autoware_auto_system_msgs/msg/_control_diagnostic.py'...
[7.264s] Compiling '/home/miquel/ros2_ws/install/autoware_auto_system_msgs/local/lib/python3.10/dist-packages/autoware_auto_system_msgs/msg/_diagnostic_header.py'...
[7.264s] Compiling '/home/miquel/ros2_ws/install/autoware_auto_system_msgs/local/lib/python3.10/dist-packages/autoware_auto_system_msgs/msg/_driving_capability.py'...
[7.264s] Compiling '/home/miquel/ros2_ws/install/autoware_auto_system_msgs/local/lib/python3.10/dist-packages/autoware_auto_system_msgs/msg/_emergency_state.py'...
[7.264s] Compiling '/home/miquel/ros2_ws/install/autoware_auto_system_msgs/local/lib/python3.10/dist-packages/autoware_auto_system_msgs/msg/_hazard_status.py'...
[7.264s] Compiling '/home/miquel/ros2_ws/install/autoware_auto_system_msgs/local/lib/python3.10/dist-packages/autoware_auto_system_msgs/msg/_hazard_status_stamped.py'...
[7.270s] -- Installing: /home/miquel/ros2_ws/install/autoware_auto_system_msgs/local/lib/python3.10/dist-packages/autoware_auto_system_msgs/autoware_auto_system_msgs_s__rosidl_typesupport_fastrtps_c.cpython-310-x86_64-linux-gnu.so
[7.270s] -- Set runtime path of "/home/miquel/ros2_ws/install/autoware_auto_system_msgs/local/lib/python3.10/dist-packages/autoware_auto_system_msgs/autoware_auto_system_msgs_s__rosidl_typesupport_fastrtps_c.cpython-310-x86_64-linux-gnu.so" to ""
[7.270s] -- Installing: /home/miquel/ros2_ws/install/autoware_auto_system_msgs/local/lib/python3.10/dist-packages/autoware_auto_system_msgs/autoware_auto_system_msgs_s__rosidl_typesupport_introspection_c.cpython-310-x86_64-linux-gnu.so
[7.271s] -- Set runtime path of "/home/miquel/ros2_ws/install/autoware_auto_system_msgs/local/lib/python3.10/dist-packages/autoware_auto_system_msgs/autoware_auto_system_msgs_s__rosidl_typesupport_introspection_c.cpython-310-x86_64-linux-gnu.so" to ""
[7.271s] -- Installing: /home/miquel/ros2_ws/install/autoware_auto_system_msgs/local/lib/python3.10/dist-packages/autoware_auto_system_msgs/autoware_auto_system_msgs_s__rosidl_typesupport_c.cpython-310-x86_64-linux-gnu.so
[7.271s] -- Set runtime path of "/home/miquel/ros2_ws/install/autoware_auto_system_msgs/local/lib/python3.10/dist-packages/autoware_auto_system_msgs/autoware_auto_system_msgs_s__rosidl_typesupport_c.cpython-310-x86_64-linux-gnu.so" to ""
[7.271s] -- Installing: /home/miquel/ros2_ws/install/autoware_auto_system_msgs/lib/libautoware_auto_system_msgs__rosidl_generator_py.so
[7.271s] -- Set runtime path of "/home/miquel/ros2_ws/install/autoware_auto_system_msgs/lib/libautoware_auto_system_msgs__rosidl_generator_py.so" to ""
[7.271s] -- Installing: /home/miquel/ros2_ws/install/autoware_auto_system_msgs/share/autoware_auto_system_msgs/msg/AutowareState.idl
[7.271s] -- Installing: /home/miquel/ros2_ws/install/autoware_auto_system_msgs/share/autoware_auto_system_msgs/msg/ControlDiagnostic.idl
[7.271s] -- Installing: /home/miquel/ros2_ws/install/autoware_auto_system_msgs/share/autoware_auto_system_msgs/msg/DiagnosticHeader.idl
[7.271s] -- Installing: /home/miquel/ros2_ws/install/autoware_auto_system_msgs/share/autoware_auto_system_msgs/msg/DrivingCapability.idl
[7.272s] -- Installing: /home/miquel/ros2_ws/install/autoware_auto_system_msgs/share/autoware_auto_system_msgs/msg/EmergencyState.idl
[7.272s] -- Installing: /home/miquel/ros2_ws/install/autoware_auto_system_msgs/share/autoware_auto_system_msgs/msg/HazardStatus.idl
[7.272s] -- Installing: /home/miquel/ros2_ws/install/autoware_auto_system_msgs/share/autoware_auto_system_msgs/msg/HazardStatusStamped.idl
[7.272s] -- Installing: /home/miquel/ros2_ws/install/autoware_auto_system_msgs/share/ament_index/resource_index/package_run_dependencies/autoware_auto_system_msgs
[7.272s] -- Installing: /home/miquel/ros2_ws/install/autoware_auto_system_msgs/share/ament_index/resource_index/parent_prefix_path/autoware_auto_system_msgs
[7.272s] -- Installing: /home/miquel/ros2_ws/install/autoware_auto_system_msgs/share/autoware_auto_system_msgs/environment/ament_prefix_path.sh
[7.272s] -- Installing: /home/miquel/ros2_ws/install/autoware_auto_system_msgs/share/autoware_auto_system_msgs/environment/ament_prefix_path.dsv
[7.272s] -- Installing: /home/miquel/ros2_ws/install/autoware_auto_system_msgs/share/autoware_auto_system_msgs/environment/path.sh
[7.272s] -- Installing: /home/miquel/ros2_ws/install/autoware_auto_system_msgs/share/autoware_auto_system_msgs/environment/path.dsv
[7.272s] -- Installing: /home/miquel/ros2_ws/install/autoware_auto_system_msgs/share/autoware_auto_system_msgs/local_setup.bash
[7.272s] -- Installing: /home/miquel/ros2_ws/install/autoware_auto_system_msgs/share/autoware_auto_system_msgs/local_setup.sh
[7.272s] -- Installing: /home/miquel/ros2_ws/install/autoware_auto_system_msgs/share/autoware_auto_system_msgs/local_setup.zsh
[7.272s] -- Installing: /home/miquel/ros2_ws/install/autoware_auto_system_msgs/share/autoware_auto_system_msgs/local_setup.dsv
[7.273s] -- Installing: /home/miquel/ros2_ws/install/autoware_auto_system_msgs/share/autoware_auto_system_msgs/package.dsv
[7.273s] -- Installing: /home/miquel/ros2_ws/install/autoware_auto_system_msgs/share/ament_index/resource_index/packages/autoware_auto_system_msgs
[7.273s] -- Installing: /home/miquel/ros2_ws/install/autoware_auto_system_msgs/share/autoware_auto_system_msgs/cmake/export_autoware_auto_system_msgs__rosidl_generator_cExport.cmake
[7.273s] -- Installing: /home/miquel/ros2_ws/install/autoware_auto_system_msgs/share/autoware_auto_system_msgs/cmake/export_autoware_auto_system_msgs__rosidl_generator_cExport-noconfig.cmake
[7.273s] -- Installing: /home/miquel/ros2_ws/install/autoware_auto_system_msgs/share/autoware_auto_system_msgs/cmake/export_autoware_auto_system_msgs__rosidl_typesupport_fastrtps_cExport.cmake
[7.273s] -- Installing: /home/miquel/ros2_ws/install/autoware_auto_system_msgs/share/autoware_auto_system_msgs/cmake/export_autoware_auto_system_msgs__rosidl_typesupport_fastrtps_cExport-noconfig.cmake
[7.273s] -- Installing: /home/miquel/ros2_ws/install/autoware_auto_system_msgs/share/autoware_auto_system_msgs/cmake/autoware_auto_system_msgs__rosidl_typesupport_introspection_cExport.cmake
[7.273s] -- Installing: /home/miquel/ros2_ws/install/autoware_auto_system_msgs/share/autoware_auto_system_msgs/cmake/autoware_auto_system_msgs__rosidl_typesupport_introspection_cExport-noconfig.cmake
[7.273s] -- Installing: /home/miquel/ros2_ws/install/autoware_auto_system_msgs/share/autoware_auto_system_msgs/cmake/autoware_auto_system_msgs__rosidl_typesupport_cExport.cmake
[7.273s] -- Installing: /home/miquel/ros2_ws/install/autoware_auto_system_msgs/share/autoware_auto_system_msgs/cmake/autoware_auto_system_msgs__rosidl_typesupport_cExport-noconfig.cmake
[7.273s] -- Installing: /home/miquel/ros2_ws/install/autoware_auto_system_msgs/share/autoware_auto_system_msgs/cmake/export_autoware_auto_system_msgs__rosidl_generator_cppExport.cmake
[7.273s] -- Installing: /home/miquel/ros2_ws/install/autoware_auto_system_msgs/share/autoware_auto_system_msgs/cmake/export_autoware_auto_system_msgs__rosidl_typesupport_fastrtps_cppExport.cmake
[7.274s] -- Installing: /home/miquel/ros2_ws/install/autoware_auto_system_msgs/share/autoware_auto_system_msgs/cmake/export_autoware_auto_system_msgs__rosidl_typesupport_fastrtps_cppExport-noconfig.cmake
[7.274s] -- Installing: /home/miquel/ros2_ws/install/autoware_auto_system_msgs/share/autoware_auto_system_msgs/cmake/autoware_auto_system_msgs__rosidl_typesupport_introspection_cppExport.cmake
[7.274s] -- Installing: /home/miquel/ros2_ws/install/autoware_auto_system_msgs/share/autoware_auto_system_msgs/cmake/autoware_auto_system_msgs__rosidl_typesupport_introspection_cppExport-noconfig.cmake
[7.274s] -- Installing: /home/miquel/ros2_ws/install/autoware_auto_system_msgs/share/autoware_auto_system_msgs/cmake/autoware_auto_system_msgs__rosidl_typesupport_cppExport.cmake
[7.274s] -- Installing: /home/miquel/ros2_ws/install/autoware_auto_system_msgs/share/autoware_auto_system_msgs/cmake/autoware_auto_system_msgs__rosidl_typesupport_cppExport-noconfig.cmake
[7.274s] -- Installing: /home/miquel/ros2_ws/install/autoware_auto_system_msgs/share/autoware_auto_system_msgs/cmake/export_autoware_auto_system_msgs__rosidl_generator_pyExport.cmake
[7.274s] -- Installing: /home/miquel/ros2_ws/install/autoware_auto_system_msgs/share/autoware_auto_system_msgs/cmake/export_autoware_auto_system_msgs__rosidl_generator_pyExport-noconfig.cmake
[7.274s] -- Installing: /home/miquel/ros2_ws/install/autoware_auto_system_msgs/share/autoware_auto_system_msgs/cmake/rosidl_cmake-extras.cmake
[7.275s] -- Installing: /home/miquel/ros2_ws/install/autoware_auto_system_msgs/share/autoware_auto_system_msgs/cmake/ament_cmake_export_dependencies-extras.cmake
[7.275s] -- Installing: /home/miquel/ros2_ws/install/autoware_auto_system_msgs/share/autoware_auto_system_msgs/cmake/ament_cmake_export_include_directories-extras.cmake
[7.275s] -- Installing: /home/miquel/ros2_ws/install/autoware_auto_system_msgs/share/autoware_auto_system_msgs/cmake/ament_cmake_export_libraries-extras.cmake
[7.275s] -- Installing: /home/miquel/ros2_ws/install/autoware_auto_system_msgs/share/autoware_auto_system_msgs/cmake/ament_cmake_export_targets-extras.cmake
[7.275s] -- Installing: /home/miquel/ros2_ws/install/autoware_auto_system_msgs/share/autoware_auto_system_msgs/cmake/rosidl_cmake_export_typesupport_targets-extras.cmake
[7.275s] -- Installing: /home/miquel/ros2_ws/install/autoware_auto_system_msgs/share/autoware_auto_system_msgs/cmake/rosidl_cmake_export_typesupport_libraries-extras.cmake
[7.275s] -- Installing: /home/miquel/ros2_ws/install/autoware_auto_system_msgs/share/autoware_auto_system_msgs/cmake/autoware_auto_system_msgsConfig.cmake
[7.275s] -- Installing: /home/miquel/ros2_ws/install/autoware_auto_system_msgs/share/autoware_auto_system_msgs/cmake/autoware_auto_system_msgsConfig-version.cmake
[7.275s] -- Installing: /home/miquel/ros2_ws/install/autoware_auto_system_msgs/share/autoware_auto_system_msgs/package.xml
[7.277s] Invoked command in '/home/miquel/ros2_ws/build/autoware_auto_system_msgs' returned '0': CMAKE_PREFIX_PATH=${CMAKE_PREFIX_PATH}:/home/miquel/ros2_ws/install/vehicle_interface:/home/miquel/ros2_ws/src/vehicle_interface/install/vehicle_interface:/opt/ros/humble /usr/bin/cmake --install /home/miquel/ros2_ws/build/autoware_auto_system_msgs
