[0.009s] Invoking command in '/home/miquel/ros2_ws/build/my_robot_controller': CMAKE_PREFIX_PATH=/home/miquel/ros2_ws/install/vehicle_interface:/home/miquel/ros2_ws/src/vehicle_interface/install/vehicle_interface:/opt/ros/humble /usr/bin/cmake /home/miquel/ros2_ws/src/my_robot_controller -DCMAKE_INSTALL_PREFIX=/home/miquel/ros2_ws/install/my_robot_controller
[0.055s] -- The C compiler identification is GNU 11.4.0
[0.094s] -- The CXX compiler identification is GNU 11.4.0
[0.099s] -- Detecting C compiler ABI info
[0.158s] -- Detecting C compiler ABI info - done
[0.164s] -- Check for working C compiler: /usr/bin/cc - skipped
[0.164s] -- Detecting C compile features
[0.164s] -- Detecting C compile features - done
[0.166s] -- Detecting CXX compiler ABI info
[0.238s] -- Detecting CXX compiler ABI info - done
[0.245s] -- Check for working CXX compiler: /usr/bin/c++ - skipped
[0.245s] -- Detecting CXX compile features
[0.246s] -- Detecting CXX compile features - done
[0.247s] -- Found ament_cmake: 1.3.11 (/opt/ros/humble/share/ament_cmake/cmake)
[0.360s] -- Found Python3: /usr/bin/python3 (found version "3.10.12") found components: Interpreter 
[0.427s] -- Found ament_lint_auto: 0.12.12 (/opt/ros/humble/share/ament_lint_auto/cmake)
[0.481s] -- Added test 'lint_cmake' to check CMake code style
[0.481s] -- Added test 'xmllint' to check XML markup files
[0.482s] -- Configuring done
[0.483s] -- Generating done
[0.484s] -- Build files have been written to: /home/miquel/ros2_ws/build/my_robot_controller
[0.488s] Invoked command in '/home/miquel/ros2_ws/build/my_robot_controller' returned '0': CMAKE_PREFIX_PATH=/home/miquel/ros2_ws/install/vehicle_interface:/home/miquel/ros2_ws/src/vehicle_interface/install/vehicle_interface:/opt/ros/humble /usr/bin/cmake /home/miquel/ros2_ws/src/my_robot_controller -DCMAKE_INSTALL_PREFIX=/home/miquel/ros2_ws/install/my_robot_controller
[0.490s] Invoking command in '/home/miquel/ros2_ws/build/my_robot_controller': CMAKE_PREFIX_PATH=/home/miquel/ros2_ws/install/vehicle_interface:/home/miquel/ros2_ws/src/vehicle_interface/install/vehicle_interface:/opt/ros/humble /usr/bin/cmake --build /home/miquel/ros2_ws/build/my_robot_controller -- -j18 -l18
[0.528s] Invoked command in '/home/miquel/ros2_ws/build/my_robot_controller' returned '0': CMAKE_PREFIX_PATH=/home/miquel/ros2_ws/install/vehicle_interface:/home/miquel/ros2_ws/src/vehicle_interface/install/vehicle_interface:/opt/ros/humble /usr/bin/cmake --build /home/miquel/ros2_ws/build/my_robot_controller -- -j18 -l18
[0.536s] Invoking command in '/home/miquel/ros2_ws/build/my_robot_controller': CMAKE_PREFIX_PATH=/home/miquel/ros2_ws/install/vehicle_interface:/home/miquel/ros2_ws/src/vehicle_interface/install/vehicle_interface:/opt/ros/humble /usr/bin/cmake --install /home/miquel/ros2_ws/build/my_robot_controller
[0.541s] -- Install configuration: ""
[0.541s] -- Installing: /home/miquel/ros2_ws/install/my_robot_controller/share/ament_index/resource_index/package_run_dependencies/my_robot_controller
[0.541s] -- Installing: /home/miquel/ros2_ws/install/my_robot_controller/share/ament_index/resource_index/parent_prefix_path/my_robot_controller
[0.541s] -- Installing: /home/miquel/ros2_ws/install/my_robot_controller/share/my_robot_controller/environment/ament_prefix_path.sh
[0.541s] -- Installing: /home/miquel/ros2_ws/install/my_robot_controller/share/my_robot_controller/environment/ament_prefix_path.dsv
[0.541s] -- Installing: /home/miquel/ros2_ws/install/my_robot_controller/share/my_robot_controller/environment/path.sh
[0.541s] -- Installing: /home/miquel/ros2_ws/install/my_robot_controller/share/my_robot_controller/environment/path.dsv
[0.541s] -- Installing: /home/miquel/ros2_ws/install/my_robot_controller/share/my_robot_controller/local_setup.bash
[0.541s] -- Installing: /home/miquel/ros2_ws/install/my_robot_controller/share/my_robot_controller/local_setup.sh
[0.542s] -- Installing: /home/miquel/ros2_ws/install/my_robot_controller/share/my_robot_controller/local_setup.zsh
[0.542s] -- Installing: /home/miquel/ros2_ws/install/my_robot_controller/share/my_robot_controller/local_setup.dsv
[0.542s] -- Installing: /home/miquel/ros2_ws/install/my_robot_controller/share/my_robot_controller/package.dsv
[0.542s] -- Installing: /home/miquel/ros2_ws/install/my_robot_controller/share/ament_index/resource_index/packages/my_robot_controller
[0.542s] -- Installing: /home/miquel/ros2_ws/install/my_robot_controller/share/my_robot_controller/cmake/my_robot_controllerConfig.cmake
[0.542s] -- Installing: /home/miquel/ros2_ws/install/my_robot_controller/share/my_robot_controller/cmake/my_robot_controllerConfig-version.cmake
[0.542s] -- Installing: /home/miquel/ros2_ws/install/my_robot_controller/share/my_robot_controller/package.xml
[0.544s] Invoked command in '/home/miquel/ros2_ws/build/my_robot_controller' returned '0': CMAKE_PREFIX_PATH=/home/miquel/ros2_ws/install/vehicle_interface:/home/miquel/ros2_ws/src/vehicle_interface/install/vehicle_interface:/opt/ros/humble /usr/bin/cmake --install /home/miquel/ros2_ws/build/my_robot_controller
