[0.333s] Invoking command in '/home/miquel/ros2_ws/src/vehicle_interface': PYTHONPATH=/home/miquel/ros2_ws/src/build/vehicle_interface/prefix_override:/usr/lib/python3/dist-packages/colcon_core/task/python/colcon_distutils_commands:/home/miquel/ros2_ws/src/install/vehicle_interface/lib/python3.10/site-packages:${PYTHONPATH} /usr/bin/python3 -W ignore:setup.py install is deprecated -W ignore:easy_install command is deprecated setup.py egg_info --egg-base ../build/vehicle_interface build --build-base /home/miquel/ros2_ws/src/build/vehicle_interface/build install --record /home/miquel/ros2_ws/src/build/vehicle_interface/install.log --single-version-externally-managed install_data
[0.463s] running egg_info
[0.464s] creating ../build/vehicle_interface/vehicle_interface.egg-info
[0.464s] writing ../build/vehicle_interface/vehicle_interface.egg-info/PKG-INFO
[0.464s] writing dependency_links to ../build/vehicle_interface/vehicle_interface.egg-info/dependency_links.txt
[0.464s] writing entry points to ../build/vehicle_interface/vehicle_interface.egg-info/entry_points.txt
[0.464s] writing requirements to ../build/vehicle_interface/vehicle_interface.egg-info/requires.txt
[0.464s] writing top-level names to ../build/vehicle_interface/vehicle_interface.egg-info/top_level.txt
[0.464s] writing manifest file '../build/vehicle_interface/vehicle_interface.egg-info/SOURCES.txt'
[0.465s] reading manifest file '../build/vehicle_interface/vehicle_interface.egg-info/SOURCES.txt'
[0.465s] writing manifest file '../build/vehicle_interface/vehicle_interface.egg-info/SOURCES.txt'
[0.465s] running build
[0.465s] running build_py
[0.465s] creating /home/miquel/ros2_ws/src/build/vehicle_interface/build
[0.465s] creating /home/miquel/ros2_ws/src/build/vehicle_interface/build/lib
[0.465s] creating /home/miquel/ros2_ws/src/build/vehicle_interface/build/lib/vehicle_interface
[0.466s] copying vehicle_interface/node.py -> /home/miquel/ros2_ws/src/build/vehicle_interface/build/lib/vehicle_interface
[0.466s] copying vehicle_interface/__init__.py -> /home/miquel/ros2_ws/src/build/vehicle_interface/build/lib/vehicle_interface
[0.466s] running install
[0.466s] running install_lib
[0.466s] creating /home/miquel/ros2_ws/src/install/vehicle_interface/lib/python3.10/site-packages/vehicle_interface
[0.466s] copying /home/miquel/ros2_ws/src/build/vehicle_interface/build/lib/vehicle_interface/node.py -> /home/miquel/ros2_ws/src/install/vehicle_interface/lib/python3.10/site-packages/vehicle_interface
[0.466s] copying /home/miquel/ros2_ws/src/build/vehicle_interface/build/lib/vehicle_interface/__init__.py -> /home/miquel/ros2_ws/src/install/vehicle_interface/lib/python3.10/site-packages/vehicle_interface
[0.466s] byte-compiling /home/miquel/ros2_ws/src/install/vehicle_interface/lib/python3.10/site-packages/vehicle_interface/node.py to node.cpython-310.pyc
[0.467s] byte-compiling /home/miquel/ros2_ws/src/install/vehicle_interface/lib/python3.10/site-packages/vehicle_interface/__init__.py to __init__.cpython-310.pyc
[0.467s] running install_data
[0.467s] creating /home/miquel/ros2_ws/src/install/vehicle_interface/share/ament_index
[0.467s] creating /home/miquel/ros2_ws/src/install/vehicle_interface/share/ament_index/resource_index
[0.467s] creating /home/miquel/ros2_ws/src/install/vehicle_interface/share/ament_index/resource_index/packages
[0.467s] copying resource/vehicle_interface -> /home/miquel/ros2_ws/src/install/vehicle_interface/share/ament_index/resource_index/packages
[0.467s] copying package.xml -> /home/miquel/ros2_ws/src/install/vehicle_interface/share/vehicle_interface
[0.467s] running install_egg_info
[0.467s] Copying ../build/vehicle_interface/vehicle_interface.egg-info to /home/miquel/ros2_ws/src/install/vehicle_interface/lib/python3.10/site-packages/vehicle_interface-0.0.0-py3.10.egg-info
[0.468s] running install_scripts
[0.480s] Installing vi script to /home/miquel/ros2_ws/src/install/vehicle_interface/lib/vehicle_interface
[0.480s] writing list of installed files to '/home/miquel/ros2_ws/src/build/vehicle_interface/install.log'
[0.495s] Invoked command in '/home/miquel/ros2_ws/src/vehicle_interface' returned '0': PYTHONPATH=/home/miquel/ros2_ws/src/build/vehicle_interface/prefix_override:/usr/lib/python3/dist-packages/colcon_core/task/python/colcon_distutils_commands:/home/miquel/ros2_ws/src/install/vehicle_interface/lib/python3.10/site-packages:${PYTHONPATH} /usr/bin/python3 -W ignore:setup.py install is deprecated -W ignore:easy_install command is deprecated setup.py egg_info --egg-base ../build/vehicle_interface build --build-base /home/miquel/ros2_ws/src/build/vehicle_interface/build install --record /home/miquel/ros2_ws/src/build/vehicle_interface/install.log --single-version-externally-managed install_data
