[0.376s] Invoking command in '/home/miquel/ros2_ws/src/vehicle_interface': PYTHONPATH=/home/miquel/ros2_ws/build/vehicle_interface/prefix_override:/usr/lib/python3/dist-packages/colcon_core/task/python/colcon_distutils_commands:/home/miquel/ros2_ws/install/vehicle_interface/lib/python3.10/site-packages:${PYTHONPATH} /usr/bin/python3 -W ignore:setup.py install is deprecated -W ignore:easy_install command is deprecated setup.py egg_info --egg-base ../../build/vehicle_interface build --build-base /home/miquel/ros2_ws/build/vehicle_interface/build install --record /home/miquel/ros2_ws/build/vehicle_interface/install.log --single-version-externally-managed install_data
[0.511s] running egg_info
[0.512s] creating ../../build/vehicle_interface/vehicle_interface.egg-info
[0.512s] writing ../../build/vehicle_interface/vehicle_interface.egg-info/PKG-INFO
[0.512s] writing dependency_links to ../../build/vehicle_interface/vehicle_interface.egg-info/dependency_links.txt
[0.513s] writing entry points to ../../build/vehicle_interface/vehicle_interface.egg-info/entry_points.txt
[0.513s] writing requirements to ../../build/vehicle_interface/vehicle_interface.egg-info/requires.txt
[0.513s] writing top-level names to ../../build/vehicle_interface/vehicle_interface.egg-info/top_level.txt
[0.513s] writing manifest file '../../build/vehicle_interface/vehicle_interface.egg-info/SOURCES.txt'
[0.513s] reading manifest file '../../build/vehicle_interface/vehicle_interface.egg-info/SOURCES.txt'
[0.514s] writing manifest file '../../build/vehicle_interface/vehicle_interface.egg-info/SOURCES.txt'
[0.514s] running build
[0.514s] running build_py
[0.514s] creating /home/miquel/ros2_ws/build/vehicle_interface/build
[0.515s] creating /home/miquel/ros2_ws/build/vehicle_interface/build/lib
[0.515s] creating /home/miquel/ros2_ws/build/vehicle_interface/build/lib/vehicle_interface
[0.515s] copying vehicle_interface/node.py -> /home/miquel/ros2_ws/build/vehicle_interface/build/lib/vehicle_interface
[0.515s] copying vehicle_interface/__init__.py -> /home/miquel/ros2_ws/build/vehicle_interface/build/lib/vehicle_interface
[0.515s] running install
[0.516s] running install_lib
[0.518s] creating /home/miquel/ros2_ws/install/vehicle_interface/lib/python3.10/site-packages/vehicle_interface
[0.518s] copying /home/miquel/ros2_ws/build/vehicle_interface/build/lib/vehicle_interface/node.py -> /home/miquel/ros2_ws/install/vehicle_interface/lib/python3.10/site-packages/vehicle_interface
[0.519s] copying /home/miquel/ros2_ws/build/vehicle_interface/build/lib/vehicle_interface/__init__.py -> /home/miquel/ros2_ws/install/vehicle_interface/lib/python3.10/site-packages/vehicle_interface
[0.519s] byte-compiling /home/miquel/ros2_ws/install/vehicle_interface/lib/python3.10/site-packages/vehicle_interface/node.py to node.cpython-310.pyc
[0.520s] byte-compiling /home/miquel/ros2_ws/install/vehicle_interface/lib/python3.10/site-packages/vehicle_interface/__init__.py to __init__.cpython-310.pyc
[0.520s] running install_data
[0.520s] creating /home/miquel/ros2_ws/install/vehicle_interface/share/ament_index
[0.520s] creating /home/miquel/ros2_ws/install/vehicle_interface/share/ament_index/resource_index
[0.521s] creating /home/miquel/ros2_ws/install/vehicle_interface/share/ament_index/resource_index/packages
[0.521s] copying resource/vehicle_interface -> /home/miquel/ros2_ws/install/vehicle_interface/share/ament_index/resource_index/packages
[0.521s] copying package.xml -> /home/miquel/ros2_ws/install/vehicle_interface/share/vehicle_interface
[0.521s] running install_egg_info
[0.523s] Copying ../../build/vehicle_interface/vehicle_interface.egg-info to /home/miquel/ros2_ws/install/vehicle_interface/lib/python3.10/site-packages/vehicle_interface-0.0.0-py3.10.egg-info
[0.524s] running install_scripts
[0.543s] Installing vi script to /home/miquel/ros2_ws/install/vehicle_interface/lib/vehicle_interface
[0.543s] writing list of installed files to '/home/miquel/ros2_ws/build/vehicle_interface/install.log'
[0.558s] Invoked command in '/home/miquel/ros2_ws/src/vehicle_interface' returned '0': PYTHONPATH=/home/miquel/ros2_ws/build/vehicle_interface/prefix_override:/usr/lib/python3/dist-packages/colcon_core/task/python/colcon_distutils_commands:/home/miquel/ros2_ws/install/vehicle_interface/lib/python3.10/site-packages:${PYTHONPATH} /usr/bin/python3 -W ignore:setup.py install is deprecated -W ignore:easy_install command is deprecated setup.py egg_info --egg-base ../../build/vehicle_interface build --build-base /home/miquel/ros2_ws/build/vehicle_interface/build install --record /home/miquel/ros2_ws/build/vehicle_interface/install.log --single-version-externally-managed install_data
