[0.022s] Invoking command in '/home/miquel/ros2_ws/build/my_robot_controller': CMAKE_PREFIX_PATH=${CMAKE_PREFIX_PATH}:/home/miquel/ros2_ws/install/vehicle_interface:/home/miquel/ros2_ws/src/vehicle_interface/install/vehicle_interface:/opt/ros/humble /usr/bin/cmake --build /home/miquel/ros2_ws/build/my_robot_controller -- -j18 -l18
[0.197s] Invoked command in '/home/miquel/ros2_ws/build/my_robot_controller' returned '0': CMAKE_PREFIX_PATH=${CMAKE_PREFIX_PATH}:/home/miquel/ros2_ws/install/vehicle_interface:/home/miquel/ros2_ws/src/vehicle_interface/install/vehicle_interface:/opt/ros/humble /usr/bin/cmake --build /home/miquel/ros2_ws/build/my_robot_controller -- -j18 -l18
[0.205s] Invoking command in '/home/miquel/ros2_ws/build/my_robot_controller': CMAKE_PREFIX_PATH=${CMAKE_PREFIX_PATH}:/home/miquel/ros2_ws/install/vehicle_interface:/home/miquel/ros2_ws/src/vehicle_interface/install/vehicle_interface:/opt/ros/humble /usr/bin/cmake --install /home/miquel/ros2_ws/build/my_robot_controller
[0.216s] -- Install configuration: ""
[0.216s] -- Up-to-date: /home/miquel/ros2_ws/install/my_robot_controller/share/ament_index/resource_index/package_run_dependencies/my_robot_controller
[0.217s] -- Up-to-date: /home/miquel/ros2_ws/install/my_robot_controller/share/ament_index/resource_index/parent_prefix_path/my_robot_controller
[0.217s] -- Up-to-date: /home/miquel/ros2_ws/install/my_robot_controller/share/my_robot_controller/environment/ament_prefix_path.sh
[0.217s] -- Up-to-date: /home/miquel/ros2_ws/install/my_robot_controller/share/my_robot_controller/environment/ament_prefix_path.dsv
[0.217s] -- Up-to-date: /home/miquel/ros2_ws/install/my_robot_controller/share/my_robot_controller/environment/path.sh
[0.217s] -- Up-to-date: /home/miquel/ros2_ws/install/my_robot_controller/share/my_robot_controller/environment/path.dsv
[0.217s] -- Up-to-date: /home/miquel/ros2_ws/install/my_robot_controller/share/my_robot_controller/local_setup.bash
[0.217s] -- Up-to-date: /home/miquel/ros2_ws/install/my_robot_controller/share/my_robot_controller/local_setup.sh
[0.217s] -- Up-to-date: /home/miquel/ros2_ws/install/my_robot_controller/share/my_robot_controller/local_setup.zsh
[0.217s] -- Up-to-date: /home/miquel/ros2_ws/install/my_robot_controller/share/my_robot_controller/local_setup.dsv
[0.217s] -- Up-to-date: /home/miquel/ros2_ws/install/my_robot_controller/share/my_robot_controller/package.dsv
[0.217s] -- Up-to-date: /home/miquel/ros2_ws/install/my_robot_controller/share/ament_index/resource_index/packages/my_robot_controller
[0.217s] -- Up-to-date: /home/miquel/ros2_ws/install/my_robot_controller/share/my_robot_controller/cmake/my_robot_controllerConfig.cmake
[0.217s] -- Up-to-date: /home/miquel/ros2_ws/install/my_robot_controller/share/my_robot_controller/cmake/my_robot_controllerConfig-version.cmake
[0.217s] -- Up-to-date: /home/miquel/ros2_ws/install/my_robot_controller/share/my_robot_controller/package.xml
[0.219s] Invoked command in '/home/miquel/ros2_ws/build/my_robot_controller' returned '0': CMAKE_PREFIX_PATH=${CMAKE_PREFIX_PATH}:/home/miquel/ros2_ws/install/vehicle_interface:/home/miquel/ros2_ws/src/vehicle_interface/install/vehicle_interface:/opt/ros/humble /usr/bin/cmake --install /home/miquel/ros2_ws/build/my_robot_controller
