[0.018s] Invoking command in '/home/miquel/ros2_ws/build/autoware_auto_control_msgs': CMAKE_PREFIX_PATH=${CMAKE_PREFIX_PATH}:/home/miquel/ros2_ws/install/vehicle_interface:/home/miquel/ros2_ws/src/vehicle_interface/install/vehicle_interface:/opt/ros/humble /usr/bin/cmake /home/miquel/ros2_ws/src/autoware_auto_msgs/autoware_auto_control_msgs -DCMAKE_INSTALL_PREFIX=/home/miquel/ros2_ws/install/autoware_auto_control_msgs
[0.062s] -- The C compiler identification is GNU 11.4.0
[0.097s] -- The CXX compiler identification is GNU 11.4.0
[0.101s] -- Detecting C compiler ABI info
[0.162s] -- Detecting C compiler ABI info - done
[0.170s] -- Check for working C compiler: /usr/bin/cc - skipped
[0.170s] -- Detecting C compile features
[0.170s] -- Detecting C compile features - done
[0.172s] -- Detecting CXX compiler ABI info
[0.227s] -- Detecting CXX compiler ABI info - done
[0.231s] -- Check for working CXX compiler: /usr/bin/c++ - skipped
[0.231s] -- Detecting CXX compile features
[0.231s] -- Detecting CXX compile features - done
[0.234s] -- Found ament_cmake_auto: 1.3.11 (/opt/ros/humble/share/ament_cmake_auto/cmake)
[0.345s] -- Found Python3: /usr/bin/python3 (found version "3.10.12") found components: Interpreter 
[0.459s] -- Using all available rosidl_typesupport_c: rosidl_typesupport_fastrtps_c;rosidl_typesupport_introspection_c
[0.464s] -- Found rosidl_adapter: 3.1.6 (/opt/ros/humble/share/rosidl_adapter/cmake)
[0.499s] -- Using all available rosidl_typesupport_cpp: rosidl_typesupport_fastrtps_cpp;rosidl_typesupport_introspection_cpp
[0.593s] -- Found ament_cmake_cppcheck: 0.12.12 (/opt/ros/humble/share/ament_cmake_cppcheck/cmake)
[0.594s] -- Found ament_cmake_cpplint: 0.12.12 (/opt/ros/humble/share/ament_cmake_cpplint/cmake)
[0.596s] -- Found ament_cmake_uncrustify: 0.12.12 (/opt/ros/humble/share/ament_cmake_uncrustify/cmake)
[0.597s] -- Found ament_cmake_ros: 0.10.0 (/opt/ros/humble/share/ament_cmake_ros/cmake)
[0.755s] -- Using all available rosidl_typesupport_c: rosidl_typesupport_fastrtps_c;rosidl_typesupport_introspection_c
[0.980s] -- Using all available rosidl_typesupport_cpp: rosidl_typesupport_fastrtps_cpp;rosidl_typesupport_introspection_cpp
[1.007s] -- Found PythonInterp: /usr/bin/python3 (found suitable version "3.10.12", minimum required is "3.6") 
[1.010s] -- Found python_cmake_module: 0.10.0 (/opt/ros/humble/share/python_cmake_module/cmake)
[1.057s] -- Found PythonLibs: /usr/lib/x86_64-linux-gnu/libpython3.10.so (found suitable version "3.10.12", minimum required is "3.5") 
[1.060s] -- Using PYTHON_EXECUTABLE: /usr/bin/python3
[1.060s] -- Using PYTHON_INCLUDE_DIRS: /usr/include/python3.10
[1.060s] -- Using PYTHON_LIBRARIES: /usr/lib/x86_64-linux-gnu/libpython3.10.so
[1.078s] -- Found PythonExtra: .so  
[1.107s] -- Found ament_cmake_flake8: 0.12.12 (/opt/ros/humble/share/ament_cmake_flake8/cmake)
[1.109s] -- Found ament_cmake_pep257: 0.12.12 (/opt/ros/humble/share/ament_cmake_pep257/cmake)
[1.111s] -- Found ament_lint_auto: 0.12.12 (/opt/ros/humble/share/ament_lint_auto/cmake)
[1.128s] -- Added test 'copyright' to check source files copyright and LICENSE
[1.128s] -- Added test 'lint_cmake' to check CMake code style
[1.129s] -- Added test 'xmllint' to check XML markup files
[1.132s] -- Configuring done
[1.170s] -- Generating done
[1.182s] -- Build files have been written to: /home/miquel/ros2_ws/build/autoware_auto_control_msgs
[1.197s] Invoked command in '/home/miquel/ros2_ws/build/autoware_auto_control_msgs' returned '0': CMAKE_PREFIX_PATH=${CMAKE_PREFIX_PATH}:/home/miquel/ros2_ws/install/vehicle_interface:/home/miquel/ros2_ws/src/vehicle_interface/install/vehicle_interface:/opt/ros/humble /usr/bin/cmake /home/miquel/ros2_ws/src/autoware_auto_msgs/autoware_auto_control_msgs -DCMAKE_INSTALL_PREFIX=/home/miquel/ros2_ws/install/autoware_auto_control_msgs
[1.199s] Invoking command in '/home/miquel/ros2_ws/build/autoware_auto_control_msgs': CMAKE_PREFIX_PATH=${CMAKE_PREFIX_PATH}:/home/miquel/ros2_ws/install/vehicle_interface:/home/miquel/ros2_ws/src/vehicle_interface/install/vehicle_interface:/opt/ros/humble /usr/bin/cmake --build /home/miquel/ros2_ws/build/autoware_auto_control_msgs -- -j18 -l18
[1.239s] [  1%] [34m[1mGenerating C code for ROS interfaces[0m
[1.249s] [  3%] [34m[1mGenerating C++ code for ROS interfaces[0m
[1.253s] [  3%] Built target ament_cmake_python_copy_autoware_auto_control_msgs
[1.410s] running egg_info
[1.411s] creating autoware_auto_control_msgs.egg-info
[1.411s] writing autoware_auto_control_msgs.egg-info/PKG-INFO
[1.411s] writing dependency_links to autoware_auto_control_msgs.egg-info/dependency_links.txt
[1.411s] writing top-level names to autoware_auto_control_msgs.egg-info/top_level.txt
[1.415s] writing manifest file 'autoware_auto_control_msgs.egg-info/SOURCES.txt'
[1.415s] reading manifest file 'autoware_auto_control_msgs.egg-info/SOURCES.txt'
[1.415s] writing manifest file 'autoware_auto_control_msgs.egg-info/SOURCES.txt'
[1.447s] [  3%] Built target ament_cmake_python_build_autoware_auto_control_msgs_egg
[1.849s] [  5%] [32mBuilding C object CMakeFiles/autoware_auto_control_msgs__rosidl_generator_c.dir/rosidl_generator_c/autoware_auto_control_msgs/msg/detail/ackermann_control_command__functions.c.o[0m
[1.855s] [  9%] [32mBuilding C object CMakeFiles/autoware_auto_control_msgs__rosidl_generator_c.dir/rosidl_generator_c/autoware_auto_control_msgs/msg/detail/longitudinal_command__functions.c.o[0m
[1.855s] [  9%] [32mBuilding C object CMakeFiles/autoware_auto_control_msgs__rosidl_generator_c.dir/rosidl_generator_c/autoware_auto_control_msgs/msg/detail/ackermann_lateral_command__functions.c.o[0m
[1.864s] [ 10%] [32mBuilding C object CMakeFiles/autoware_auto_control_msgs__rosidl_generator_c.dir/rosidl_generator_c/autoware_auto_control_msgs/msg/detail/high_level_control_command__functions.c.o[0m
[1.888s] [ 10%] Built target autoware_auto_control_msgs__cpp
[1.902s] [ 14%] [34m[1mGenerating C++ type support dispatch for ROS interfaces[0m
[1.902s] [ 14%] [34m[1mGenerating C++ type support for eProsima Fast-RTPS[0m
[1.903s] [ 16%] [34m[1mGenerating C++ introspection for ROS interfaces[0m
[1.936s] [ 18%] [32m[1mLinking C shared library libautoware_auto_control_msgs__rosidl_generator_c.so[0m
[2.001s] [ 18%] Built target autoware_auto_control_msgs__rosidl_generator_c
[2.015s] [ 20%] [34m[1mGenerating C introspection for ROS interfaces[0m
[2.021s] [ 21%] [34m[1mGenerating C type support dispatch for ROS interfaces[0m
[2.033s] [ 23%] [34m[1mGenerating C type support for eProsima Fast-RTPS[0m
[2.807s] [ 25%] [32mBuilding CXX object CMakeFiles/autoware_auto_control_msgs__rosidl_typesupport_cpp.dir/rosidl_typesupport_cpp/autoware_auto_control_msgs/msg/ackermann_lateral_command__type_support.cpp.o[0m
[2.808s] [ 27%] [32mBuilding CXX object CMakeFiles/autoware_auto_control_msgs__rosidl_typesupport_fastrtps_cpp.dir/rosidl_typesupport_fastrtps_cpp/autoware_auto_control_msgs/msg/detail/dds_fastrtps/ackermann_control_command__type_support.cpp.o[0m
[2.819s] [ 29%] [32mBuilding CXX object CMakeFiles/autoware_auto_control_msgs__rosidl_typesupport_cpp.dir/rosidl_typesupport_cpp/autoware_auto_control_msgs/msg/high_level_control_command__type_support.cpp.o[0m
[2.820s] [ 30%] [32mBuilding CXX object CMakeFiles/autoware_auto_control_msgs__rosidl_typesupport_cpp.dir/rosidl_typesupport_cpp/autoware_auto_control_msgs/msg/longitudinal_command__type_support.cpp.o[0m
[2.844s] [ 32%] [32mBuilding CXX object CMakeFiles/autoware_auto_control_msgs__rosidl_typesupport_fastrtps_cpp.dir/rosidl_typesupport_fastrtps_cpp/autoware_auto_control_msgs/msg/detail/dds_fastrtps/ackermann_lateral_command__type_support.cpp.o[0m
[2.850s] [ 34%] [32mBuilding CXX object CMakeFiles/autoware_auto_control_msgs__rosidl_typesupport_fastrtps_cpp.dir/rosidl_typesupport_fastrtps_cpp/autoware_auto_control_msgs/msg/detail/dds_fastrtps/longitudinal_command__type_support.cpp.o[0m
[2.858s] [ 36%] [32mBuilding CXX object CMakeFiles/autoware_auto_control_msgs__rosidl_typesupport_fastrtps_cpp.dir/rosidl_typesupport_fastrtps_cpp/autoware_auto_control_msgs/msg/detail/dds_fastrtps/high_level_control_command__type_support.cpp.o[0m
[2.858s] [ 38%] [32mBuilding CXX object CMakeFiles/autoware_auto_control_msgs__rosidl_typesupport_cpp.dir/rosidl_typesupport_cpp/autoware_auto_control_msgs/msg/ackermann_control_command__type_support.cpp.o[0m
[2.942s] [ 40%] [32mBuilding CXX object CMakeFiles/autoware_auto_control_msgs__rosidl_typesupport_introspection_cpp.dir/rosidl_typesupport_introspection_cpp/autoware_auto_control_msgs/msg/detail/longitudinal_command__type_support.cpp.o[0m
[2.949s] [ 41%] [32mBuilding CXX object CMakeFiles/autoware_auto_control_msgs__rosidl_typesupport_introspection_cpp.dir/rosidl_typesupport_introspection_cpp/autoware_auto_control_msgs/msg/detail/ackermann_lateral_command__type_support.cpp.o[0m
[2.954s] [ 43%] [32mBuilding CXX object CMakeFiles/autoware_auto_control_msgs__rosidl_typesupport_c.dir/rosidl_typesupport_c/autoware_auto_control_msgs/msg/ackermann_lateral_command__type_support.cpp.o[0m
[2.956s] [ 45%] [32mBuilding CXX object CMakeFiles/autoware_auto_control_msgs__rosidl_typesupport_introspection_cpp.dir/rosidl_typesupport_introspection_cpp/autoware_auto_control_msgs/msg/detail/high_level_control_command__type_support.cpp.o[0m
[2.961s] [ 47%] [32mBuilding CXX object CMakeFiles/autoware_auto_control_msgs__rosidl_typesupport_c.dir/rosidl_typesupport_c/autoware_auto_control_msgs/msg/high_level_control_command__type_support.cpp.o[0m
[2.979s] [ 49%] [32mBuilding CXX object CMakeFiles/autoware_auto_control_msgs__rosidl_typesupport_introspection_cpp.dir/rosidl_typesupport_introspection_cpp/autoware_auto_control_msgs/msg/detail/ackermann_control_command__type_support.cpp.o[0m
[2.989s] [ 50%] [32mBuilding CXX object CMakeFiles/autoware_auto_control_msgs__rosidl_typesupport_c.dir/rosidl_typesupport_c/autoware_auto_control_msgs/msg/ackermann_control_command__type_support.cpp.o[0m
[3.013s] [ 52%] [32mBuilding C object CMakeFiles/autoware_auto_control_msgs__rosidl_typesupport_introspection_c.dir/rosidl_typesupport_introspection_c/autoware_auto_control_msgs/msg/detail/ackermann_control_command__type_support.c.o[0m
[3.021s] [ 54%] [32mBuilding CXX object CMakeFiles/autoware_auto_control_msgs__rosidl_typesupport_c.dir/rosidl_typesupport_c/autoware_auto_control_msgs/msg/longitudinal_command__type_support.cpp.o[0m
[3.058s] [ 56%] [32mBuilding C object CMakeFiles/autoware_auto_control_msgs__rosidl_typesupport_introspection_c.dir/rosidl_typesupport_introspection_c/autoware_auto_control_msgs/msg/detail/ackermann_lateral_command__type_support.c.o[0m
[3.124s] [ 58%] [32mBuilding C object CMakeFiles/autoware_auto_control_msgs__rosidl_typesupport_introspection_c.dir/rosidl_typesupport_introspection_c/autoware_auto_control_msgs/msg/detail/longitudinal_command__type_support.c.o[0m
[3.187s] [ 60%] [32mBuilding C object CMakeFiles/autoware_auto_control_msgs__rosidl_typesupport_introspection_c.dir/rosidl_typesupport_introspection_c/autoware_auto_control_msgs/msg/detail/high_level_control_command__type_support.c.o[0m
[3.199s] [ 61%] [32m[1mLinking CXX shared library libautoware_auto_control_msgs__rosidl_typesupport_c.so[0m
[3.339s] [ 63%] [32mBuilding CXX object CMakeFiles/autoware_auto_control_msgs__rosidl_typesupport_fastrtps_c.dir/rosidl_typesupport_fastrtps_c/autoware_auto_control_msgs/msg/detail/ackermann_control_command__type_support_c.cpp.o[0m
[3.421s] [ 65%] [32mBuilding CXX object CMakeFiles/autoware_auto_control_msgs__rosidl_typesupport_fastrtps_c.dir/rosidl_typesupport_fastrtps_c/autoware_auto_control_msgs/msg/detail/high_level_control_command__type_support_c.cpp.o[0m
[3.463s] [ 67%] [32mBuilding CXX object CMakeFiles/autoware_auto_control_msgs__rosidl_typesupport_fastrtps_c.dir/rosidl_typesupport_fastrtps_c/autoware_auto_control_msgs/msg/detail/ackermann_lateral_command__type_support_c.cpp.o[0m
[3.463s] [ 69%] [32mBuilding CXX object CMakeFiles/autoware_auto_control_msgs__rosidl_typesupport_fastrtps_c.dir/rosidl_typesupport_fastrtps_c/autoware_auto_control_msgs/msg/detail/longitudinal_command__type_support_c.cpp.o[0m
[3.482s] [ 69%] Built target autoware_auto_control_msgs__rosidl_typesupport_c
[3.545s] [ 70%] [32m[1mLinking C shared library libautoware_auto_control_msgs__rosidl_typesupport_introspection_c.so[0m
[3.646s] [ 70%] Built target autoware_auto_control_msgs__rosidl_typesupport_introspection_c
[3.666s] [ 72%] [32m[1mLinking CXX shared library libautoware_auto_control_msgs__rosidl_typesupport_cpp.so[0m
[4.059s] [ 72%] Built target autoware_auto_control_msgs__rosidl_typesupport_cpp
[4.479s] [ 74%] [32m[1mLinking CXX shared library libautoware_auto_control_msgs__rosidl_typesupport_fastrtps_cpp.so[0m
[4.542s] [ 76%] [32m[1mLinking CXX shared library libautoware_auto_control_msgs__rosidl_typesupport_introspection_cpp.so[0m
[4.784s] [ 76%] Built target autoware_auto_control_msgs__rosidl_typesupport_introspection_cpp
[4.930s] [ 76%] Built target autoware_auto_control_msgs__rosidl_typesupport_fastrtps_cpp
[5.177s] [ 78%] [32m[1mLinking CXX shared library libautoware_auto_control_msgs__rosidl_typesupport_fastrtps_c.so[0m
[5.342s] [ 78%] Built target autoware_auto_control_msgs__rosidl_typesupport_fastrtps_c
[5.404s] [ 78%] Built target autoware_auto_control_msgs
[5.506s] [ 80%] [34m[1mGenerating Python code for ROS interfaces[0m
[6.289s] [ 80%] Built target autoware_auto_control_msgs__py
[6.305s] [ 81%] [32mBuilding C object CMakeFiles/autoware_auto_control_msgs__rosidl_generator_py.dir/rosidl_generator_py/autoware_auto_control_msgs/msg/_ackermann_lateral_command_s.c.o[0m
[6.305s] [ 83%] [32mBuilding C object CMakeFiles/autoware_auto_control_msgs__rosidl_generator_py.dir/rosidl_generator_py/autoware_auto_control_msgs/msg/_high_level_control_command_s.c.o[0m
[6.306s] [ 85%] [32mBuilding C object CMakeFiles/autoware_auto_control_msgs__rosidl_generator_py.dir/rosidl_generator_py/autoware_auto_control_msgs/msg/_ackermann_control_command_s.c.o[0m
[6.308s] [ 87%] [32mBuilding C object CMakeFiles/autoware_auto_control_msgs__rosidl_generator_py.dir/rosidl_generator_py/autoware_auto_control_msgs/msg/_longitudinal_command_s.c.o[0m
[6.409s] [ 89%] [32m[1mLinking C shared library rosidl_generator_py/autoware_auto_control_msgs/libautoware_auto_control_msgs__rosidl_generator_py.so[0m
[6.447s] [ 89%] Built target autoware_auto_control_msgs__rosidl_generator_py
[6.466s] [ 90%] [32mBuilding C object CMakeFiles/autoware_auto_control_msgs__rosidl_typesupport_fastrtps_c__pyext.dir/rosidl_generator_py/autoware_auto_control_msgs/_autoware_auto_control_msgs_s.ep.rosidl_typesupport_fastrtps_c.c.o[0m
[6.468s] [ 92%] [32mBuilding C object CMakeFiles/autoware_auto_control_msgs__rosidl_typesupport_introspection_c__pyext.dir/rosidl_generator_py/autoware_auto_control_msgs/_autoware_auto_control_msgs_s.ep.rosidl_typesupport_introspection_c.c.o[0m
[6.469s] [ 94%] [32mBuilding C object CMakeFiles/autoware_auto_control_msgs__rosidl_typesupport_c__pyext.dir/rosidl_generator_py/autoware_auto_control_msgs/_autoware_auto_control_msgs_s.ep.rosidl_typesupport_c.c.o[0m
[6.540s] [ 96%] [32m[1mLinking C shared library rosidl_generator_py/autoware_auto_control_msgs/autoware_auto_control_msgs_s__rosidl_typesupport_c.cpython-310-x86_64-linux-gnu.so[0m
[6.579s] [ 98%] [32m[1mLinking C shared library rosidl_generator_py/autoware_auto_control_msgs/autoware_auto_control_msgs_s__rosidl_typesupport_fastrtps_c.cpython-310-x86_64-linux-gnu.so[0m
[6.580s] [ 98%] Built target autoware_auto_control_msgs__rosidl_typesupport_c__pyext
[6.581s] [100%] [32m[1mLinking C shared library rosidl_generator_py/autoware_auto_control_msgs/autoware_auto_control_msgs_s__rosidl_typesupport_introspection_c.cpython-310-x86_64-linux-gnu.so[0m
[6.615s] [100%] Built target autoware_auto_control_msgs__rosidl_typesupport_fastrtps_c__pyext
[6.615s] [100%] Built target autoware_auto_control_msgs__rosidl_typesupport_introspection_c__pyext
[6.627s] Invoked command in '/home/miquel/ros2_ws/build/autoware_auto_control_msgs' returned '0': CMAKE_PREFIX_PATH=${CMAKE_PREFIX_PATH}:/home/miquel/ros2_ws/install/vehicle_interface:/home/miquel/ros2_ws/src/vehicle_interface/install/vehicle_interface:/opt/ros/humble /usr/bin/cmake --build /home/miquel/ros2_ws/build/autoware_auto_control_msgs -- -j18 -l18
[6.630s] Invoking command in '/home/miquel/ros2_ws/build/autoware_auto_control_msgs': CMAKE_PREFIX_PATH=${CMAKE_PREFIX_PATH}:/home/miquel/ros2_ws/install/vehicle_interface:/home/miquel/ros2_ws/src/vehicle_interface/install/vehicle_interface:/opt/ros/humble /usr/bin/cmake --install /home/miquel/ros2_ws/build/autoware_auto_control_msgs
[6.641s] -- Install configuration: ""
[6.641s] -- Installing: /home/miquel/ros2_ws/install/autoware_auto_control_msgs/share/ament_index/resource_index/rosidl_interfaces/autoware_auto_control_msgs
[6.641s] -- Installing: /home/miquel/ros2_ws/install/autoware_auto_control_msgs/include/autoware_auto_control_msgs/autoware_auto_control_msgs
[6.641s] -- Installing: /home/miquel/ros2_ws/install/autoware_auto_control_msgs/include/autoware_auto_control_msgs/autoware_auto_control_msgs/msg
[6.641s] -- Installing: /home/miquel/ros2_ws/install/autoware_auto_control_msgs/include/autoware_auto_control_msgs/autoware_auto_control_msgs/msg/ackermann_control_command.h
[6.641s] -- Installing: /home/miquel/ros2_ws/install/autoware_auto_control_msgs/include/autoware_auto_control_msgs/autoware_auto_control_msgs/msg/detail
[6.641s] -- Installing: /home/miquel/ros2_ws/install/autoware_auto_control_msgs/include/autoware_auto_control_msgs/autoware_auto_control_msgs/msg/detail/high_level_control_command__type_support.h
[6.641s] -- Installing: /home/miquel/ros2_ws/install/autoware_auto_control_msgs/include/autoware_auto_control_msgs/autoware_auto_control_msgs/msg/detail/ackermann_lateral_command__functions.c
[6.641s] -- Installing: /home/miquel/ros2_ws/install/autoware_auto_control_msgs/include/autoware_auto_control_msgs/autoware_auto_control_msgs/msg/detail/ackermann_lateral_command__functions.h
[6.641s] -- Installing: /home/miquel/ros2_ws/install/autoware_auto_control_msgs/include/autoware_auto_control_msgs/autoware_auto_control_msgs/msg/detail/ackermann_lateral_command__struct.h
[6.641s] -- Installing: /home/miquel/ros2_ws/install/autoware_auto_control_msgs/include/autoware_auto_control_msgs/autoware_auto_control_msgs/msg/detail/longitudinal_command__struct.h
[6.642s] -- Installing: /home/miquel/ros2_ws/install/autoware_auto_control_msgs/include/autoware_auto_control_msgs/autoware_auto_control_msgs/msg/detail/ackermann_control_command__type_support.h
[6.642s] -- Installing: /home/miquel/ros2_ws/install/autoware_auto_control_msgs/include/autoware_auto_control_msgs/autoware_auto_control_msgs/msg/detail/longitudinal_command__functions.c
[6.642s] -- Installing: /home/miquel/ros2_ws/install/autoware_auto_control_msgs/include/autoware_auto_control_msgs/autoware_auto_control_msgs/msg/detail/ackermann_control_command__functions.c
[6.643s] -- Installing: /home/miquel/ros2_ws/install/autoware_auto_control_msgs/include/autoware_auto_control_msgs/autoware_auto_control_msgs/msg/detail/high_level_control_command__struct.h
[6.643s] -- Installing: /home/miquel/ros2_ws/install/autoware_auto_control_msgs/include/autoware_auto_control_msgs/autoware_auto_control_msgs/msg/detail/high_level_control_command__functions.h
[6.643s] -- Installing: /home/miquel/ros2_ws/install/autoware_auto_control_msgs/include/autoware_auto_control_msgs/autoware_auto_control_msgs/msg/detail/ackermann_lateral_command__type_support.h
[6.644s] -- Installing: /home/miquel/ros2_ws/install/autoware_auto_control_msgs/include/autoware_auto_control_msgs/autoware_auto_control_msgs/msg/detail/longitudinal_command__type_support.h
[6.644s] -- Installing: /home/miquel/ros2_ws/install/autoware_auto_control_msgs/include/autoware_auto_control_msgs/autoware_auto_control_msgs/msg/detail/ackermann_control_command__functions.h
[6.644s] -- Installing: /home/miquel/ros2_ws/install/autoware_auto_control_msgs/include/autoware_auto_control_msgs/autoware_auto_control_msgs/msg/detail/ackermann_control_command__struct.h
[6.645s] -- Installing: /home/miquel/ros2_ws/install/autoware_auto_control_msgs/include/autoware_auto_control_msgs/autoware_auto_control_msgs/msg/detail/longitudinal_command__functions.h
[6.645s] -- Installing: /home/miquel/ros2_ws/install/autoware_auto_control_msgs/include/autoware_auto_control_msgs/autoware_auto_control_msgs/msg/detail/high_level_control_command__functions.c
[6.646s] -- Installing: /home/miquel/ros2_ws/install/autoware_auto_control_msgs/include/autoware_auto_control_msgs/autoware_auto_control_msgs/msg/high_level_control_command.h
[6.646s] -- Installing: /home/miquel/ros2_ws/install/autoware_auto_control_msgs/include/autoware_auto_control_msgs/autoware_auto_control_msgs/msg/ackermann_lateral_command.h
[6.646s] -- Installing: /home/miquel/ros2_ws/install/autoware_auto_control_msgs/include/autoware_auto_control_msgs/autoware_auto_control_msgs/msg/longitudinal_command.h
[6.646s] -- Installing: /home/miquel/ros2_ws/install/autoware_auto_control_msgs/include/autoware_auto_control_msgs/autoware_auto_control_msgs/msg/rosidl_generator_c__visibility_control.h
[6.646s] -- Installing: /home/miquel/ros2_ws/install/autoware_auto_control_msgs/share/autoware_auto_control_msgs/environment/library_path.sh
[6.647s] -- Installing: /home/miquel/ros2_ws/install/autoware_auto_control_msgs/share/autoware_auto_control_msgs/environment/library_path.dsv
[6.647s] -- Installing: /home/miquel/ros2_ws/install/autoware_auto_control_msgs/lib/libautoware_auto_control_msgs__rosidl_generator_c.so
[6.647s] -- Set runtime path of "/home/miquel/ros2_ws/install/autoware_auto_control_msgs/lib/libautoware_auto_control_msgs__rosidl_generator_c.so" to ""
[6.647s] -- Up-to-date: /home/miquel/ros2_ws/install/autoware_auto_control_msgs/include/autoware_auto_control_msgs/autoware_auto_control_msgs
[6.647s] -- Up-to-date: /home/miquel/ros2_ws/install/autoware_auto_control_msgs/include/autoware_auto_control_msgs/autoware_auto_control_msgs/msg
[6.648s] -- Up-to-date: /home/miquel/ros2_ws/install/autoware_auto_control_msgs/include/autoware_auto_control_msgs/autoware_auto_control_msgs/msg/detail
[6.648s] -- Installing: /home/miquel/ros2_ws/install/autoware_auto_control_msgs/include/autoware_auto_control_msgs/autoware_auto_control_msgs/msg/detail/ackermann_lateral_command__rosidl_typesupport_fastrtps_c.h
[6.648s] -- Installing: /home/miquel/ros2_ws/install/autoware_auto_control_msgs/include/autoware_auto_control_msgs/autoware_auto_control_msgs/msg/detail/high_level_control_command__rosidl_typesupport_fastrtps_c.h
[6.648s] -- Installing: /home/miquel/ros2_ws/install/autoware_auto_control_msgs/include/autoware_auto_control_msgs/autoware_auto_control_msgs/msg/detail/ackermann_control_command__rosidl_typesupport_fastrtps_c.h
[6.649s] -- Installing: /home/miquel/ros2_ws/install/autoware_auto_control_msgs/include/autoware_auto_control_msgs/autoware_auto_control_msgs/msg/detail/longitudinal_command__rosidl_typesupport_fastrtps_c.h
[6.649s] -- Installing: /home/miquel/ros2_ws/install/autoware_auto_control_msgs/include/autoware_auto_control_msgs/autoware_auto_control_msgs/msg/rosidl_typesupport_fastrtps_c__visibility_control.h
[6.649s] -- Installing: /home/miquel/ros2_ws/install/autoware_auto_control_msgs/lib/libautoware_auto_control_msgs__rosidl_typesupport_fastrtps_c.so
[6.650s] -- Set runtime path of "/home/miquel/ros2_ws/install/autoware_auto_control_msgs/lib/libautoware_auto_control_msgs__rosidl_typesupport_fastrtps_c.so" to ""
[6.650s] -- Up-to-date: /home/miquel/ros2_ws/install/autoware_auto_control_msgs/include/autoware_auto_control_msgs/autoware_auto_control_msgs
[6.650s] -- Up-to-date: /home/miquel/ros2_ws/install/autoware_auto_control_msgs/include/autoware_auto_control_msgs/autoware_auto_control_msgs/msg
[6.650s] -- Up-to-date: /home/miquel/ros2_ws/install/autoware_auto_control_msgs/include/autoware_auto_control_msgs/autoware_auto_control_msgs/msg/detail
[6.650s] -- Installing: /home/miquel/ros2_ws/install/autoware_auto_control_msgs/include/autoware_auto_control_msgs/autoware_auto_control_msgs/msg/detail/ackermann_control_command__type_support.c
[6.650s] -- Installing: /home/miquel/ros2_ws/install/autoware_auto_control_msgs/include/autoware_auto_control_msgs/autoware_auto_control_msgs/msg/detail/ackermann_lateral_command__rosidl_typesupport_introspection_c.h
[6.651s] -- Installing: /home/miquel/ros2_ws/install/autoware_auto_control_msgs/include/autoware_auto_control_msgs/autoware_auto_control_msgs/msg/detail/high_level_control_command__type_support.c
[6.651s] -- Installing: /home/miquel/ros2_ws/install/autoware_auto_control_msgs/include/autoware_auto_control_msgs/autoware_auto_control_msgs/msg/detail/ackermann_lateral_command__type_support.c
[6.651s] -- Installing: /home/miquel/ros2_ws/install/autoware_auto_control_msgs/include/autoware_auto_control_msgs/autoware_auto_control_msgs/msg/detail/longitudinal_command__type_support.c
[6.651s] -- Installing: /home/miquel/ros2_ws/install/autoware_auto_control_msgs/include/autoware_auto_control_msgs/autoware_auto_control_msgs/msg/detail/longitudinal_command__rosidl_typesupport_introspection_c.h
[6.651s] -- Installing: /home/miquel/ros2_ws/install/autoware_auto_control_msgs/include/autoware_auto_control_msgs/autoware_auto_control_msgs/msg/detail/high_level_control_command__rosidl_typesupport_introspection_c.h
[6.651s] -- Installing: /home/miquel/ros2_ws/install/autoware_auto_control_msgs/include/autoware_auto_control_msgs/autoware_auto_control_msgs/msg/detail/ackermann_control_command__rosidl_typesupport_introspection_c.h
[6.651s] -- Installing: /home/miquel/ros2_ws/install/autoware_auto_control_msgs/include/autoware_auto_control_msgs/autoware_auto_control_msgs/msg/rosidl_typesupport_introspection_c__visibility_control.h
[6.651s] -- Installing: /home/miquel/ros2_ws/install/autoware_auto_control_msgs/lib/libautoware_auto_control_msgs__rosidl_typesupport_introspection_c.so
[6.651s] -- Set runtime path of "/home/miquel/ros2_ws/install/autoware_auto_control_msgs/lib/libautoware_auto_control_msgs__rosidl_typesupport_introspection_c.so" to ""
[6.652s] -- Installing: /home/miquel/ros2_ws/install/autoware_auto_control_msgs/lib/libautoware_auto_control_msgs__rosidl_typesupport_c.so
[6.652s] -- Set runtime path of "/home/miquel/ros2_ws/install/autoware_auto_control_msgs/lib/libautoware_auto_control_msgs__rosidl_typesupport_c.so" to ""
[6.652s] -- Up-to-date: /home/miquel/ros2_ws/install/autoware_auto_control_msgs/include/autoware_auto_control_msgs/autoware_auto_control_msgs
[6.652s] -- Up-to-date: /home/miquel/ros2_ws/install/autoware_auto_control_msgs/include/autoware_auto_control_msgs/autoware_auto_control_msgs/msg
[6.652s] -- Installing: /home/miquel/ros2_ws/install/autoware_auto_control_msgs/include/autoware_auto_control_msgs/autoware_auto_control_msgs/msg/rosidl_generator_cpp__visibility_control.hpp
[6.652s] -- Up-to-date: /home/miquel/ros2_ws/install/autoware_auto_control_msgs/include/autoware_auto_control_msgs/autoware_auto_control_msgs/msg/detail
[6.652s] -- Installing: /home/miquel/ros2_ws/install/autoware_auto_control_msgs/include/autoware_auto_control_msgs/autoware_auto_control_msgs/msg/detail/high_level_control_command__type_support.hpp
[6.653s] -- Installing: /home/miquel/ros2_ws/install/autoware_auto_control_msgs/include/autoware_auto_control_msgs/autoware_auto_control_msgs/msg/detail/ackermann_control_command__type_support.hpp
[6.653s] -- Installing: /home/miquel/ros2_ws/install/autoware_auto_control_msgs/include/autoware_auto_control_msgs/autoware_auto_control_msgs/msg/detail/high_level_control_command__struct.hpp
[6.653s] -- Installing: /home/miquel/ros2_ws/install/autoware_auto_control_msgs/include/autoware_auto_control_msgs/autoware_auto_control_msgs/msg/detail/ackermann_control_command__traits.hpp
[6.653s] -- Installing: /home/miquel/ros2_ws/install/autoware_auto_control_msgs/include/autoware_auto_control_msgs/autoware_auto_control_msgs/msg/detail/high_level_control_command__traits.hpp
[6.653s] -- Installing: /home/miquel/ros2_ws/install/autoware_auto_control_msgs/include/autoware_auto_control_msgs/autoware_auto_control_msgs/msg/detail/longitudinal_command__builder.hpp
[6.653s] -- Installing: /home/miquel/ros2_ws/install/autoware_auto_control_msgs/include/autoware_auto_control_msgs/autoware_auto_control_msgs/msg/detail/longitudinal_command__traits.hpp
[6.653s] -- Installing: /home/miquel/ros2_ws/install/autoware_auto_control_msgs/include/autoware_auto_control_msgs/autoware_auto_control_msgs/msg/detail/longitudinal_command__type_support.hpp
[6.653s] -- Installing: /home/miquel/ros2_ws/install/autoware_auto_control_msgs/include/autoware_auto_control_msgs/autoware_auto_control_msgs/msg/detail/ackermann_lateral_command__builder.hpp
[6.653s] -- Installing: /home/miquel/ros2_ws/install/autoware_auto_control_msgs/include/autoware_auto_control_msgs/autoware_auto_control_msgs/msg/detail/ackermann_lateral_command__type_support.hpp
[6.654s] -- Installing: /home/miquel/ros2_ws/install/autoware_auto_control_msgs/include/autoware_auto_control_msgs/autoware_auto_control_msgs/msg/detail/longitudinal_command__struct.hpp
[6.655s] -- Installing: /home/miquel/ros2_ws/install/autoware_auto_control_msgs/include/autoware_auto_control_msgs/autoware_auto_control_msgs/msg/detail/ackermann_control_command__builder.hpp
[6.655s] -- Installing: /home/miquel/ros2_ws/install/autoware_auto_control_msgs/include/autoware_auto_control_msgs/autoware_auto_control_msgs/msg/detail/ackermann_lateral_command__struct.hpp
[6.655s] -- Installing: /home/miquel/ros2_ws/install/autoware_auto_control_msgs/include/autoware_auto_control_msgs/autoware_auto_control_msgs/msg/detail/ackermann_control_command__struct.hpp
[6.655s] -- Installing: /home/miquel/ros2_ws/install/autoware_auto_control_msgs/include/autoware_auto_control_msgs/autoware_auto_control_msgs/msg/detail/ackermann_lateral_command__traits.hpp
[6.655s] -- Installing: /home/miquel/ros2_ws/install/autoware_auto_control_msgs/include/autoware_auto_control_msgs/autoware_auto_control_msgs/msg/detail/high_level_control_command__builder.hpp
[6.655s] -- Installing: /home/miquel/ros2_ws/install/autoware_auto_control_msgs/include/autoware_auto_control_msgs/autoware_auto_control_msgs/msg/ackermann_control_command.hpp
[6.655s] -- Installing: /home/miquel/ros2_ws/install/autoware_auto_control_msgs/include/autoware_auto_control_msgs/autoware_auto_control_msgs/msg/high_level_control_command.hpp
[6.655s] -- Installing: /home/miquel/ros2_ws/install/autoware_auto_control_msgs/include/autoware_auto_control_msgs/autoware_auto_control_msgs/msg/ackermann_lateral_command.hpp
[6.657s] -- Installing: /home/miquel/ros2_ws/install/autoware_auto_control_msgs/include/autoware_auto_control_msgs/autoware_auto_control_msgs/msg/longitudinal_command.hpp
[6.657s] -- Up-to-date: /home/miquel/ros2_ws/install/autoware_auto_control_msgs/include/autoware_auto_control_msgs/autoware_auto_control_msgs
[6.657s] -- Up-to-date: /home/miquel/ros2_ws/install/autoware_auto_control_msgs/include/autoware_auto_control_msgs/autoware_auto_control_msgs/msg
[6.657s] -- Up-to-date: /home/miquel/ros2_ws/install/autoware_auto_control_msgs/include/autoware_auto_control_msgs/autoware_auto_control_msgs/msg/detail
[6.657s] -- Installing: /home/miquel/ros2_ws/install/autoware_auto_control_msgs/include/autoware_auto_control_msgs/autoware_auto_control_msgs/msg/detail/ackermann_control_command__rosidl_typesupport_fastrtps_cpp.hpp
[6.657s] -- Installing: /home/miquel/ros2_ws/install/autoware_auto_control_msgs/include/autoware_auto_control_msgs/autoware_auto_control_msgs/msg/detail/longitudinal_command__rosidl_typesupport_fastrtps_cpp.hpp
[6.657s] -- Installing: /home/miquel/ros2_ws/install/autoware_auto_control_msgs/include/autoware_auto_control_msgs/autoware_auto_control_msgs/msg/detail/ackermann_lateral_command__rosidl_typesupport_fastrtps_cpp.hpp
[6.657s] -- Installing: /home/miquel/ros2_ws/install/autoware_auto_control_msgs/include/autoware_auto_control_msgs/autoware_auto_control_msgs/msg/detail/high_level_control_command__rosidl_typesupport_fastrtps_cpp.hpp
[6.657s] -- Installing: /home/miquel/ros2_ws/install/autoware_auto_control_msgs/include/autoware_auto_control_msgs/autoware_auto_control_msgs/msg/detail/dds_fastrtps
[6.657s] -- Installing: /home/miquel/ros2_ws/install/autoware_auto_control_msgs/include/autoware_auto_control_msgs/autoware_auto_control_msgs/msg/rosidl_typesupport_fastrtps_cpp__visibility_control.h
[6.657s] -- Installing: /home/miquel/ros2_ws/install/autoware_auto_control_msgs/lib/libautoware_auto_control_msgs__rosidl_typesupport_fastrtps_cpp.so
[6.657s] -- Set runtime path of "/home/miquel/ros2_ws/install/autoware_auto_control_msgs/lib/libautoware_auto_control_msgs__rosidl_typesupport_fastrtps_cpp.so" to ""
[6.657s] -- Up-to-date: /home/miquel/ros2_ws/install/autoware_auto_control_msgs/include/autoware_auto_control_msgs/autoware_auto_control_msgs
[6.657s] -- Up-to-date: /home/miquel/ros2_ws/install/autoware_auto_control_msgs/include/autoware_auto_control_msgs/autoware_auto_control_msgs/msg
[6.657s] -- Up-to-date: /home/miquel/ros2_ws/install/autoware_auto_control_msgs/include/autoware_auto_control_msgs/autoware_auto_control_msgs/msg/detail
[6.657s] -- Installing: /home/miquel/ros2_ws/install/autoware_auto_control_msgs/include/autoware_auto_control_msgs/autoware_auto_control_msgs/msg/detail/longitudinal_command__type_support.cpp
[6.657s] -- Installing: /home/miquel/ros2_ws/install/autoware_auto_control_msgs/include/autoware_auto_control_msgs/autoware_auto_control_msgs/msg/detail/longitudinal_command__rosidl_typesupport_introspection_cpp.hpp
[6.657s] -- Installing: /home/miquel/ros2_ws/install/autoware_auto_control_msgs/include/autoware_auto_control_msgs/autoware_auto_control_msgs/msg/detail/ackermann_lateral_command__type_support.cpp
[6.657s] -- Installing: /home/miquel/ros2_ws/install/autoware_auto_control_msgs/include/autoware_auto_control_msgs/autoware_auto_control_msgs/msg/detail/high_level_control_command__rosidl_typesupport_introspection_cpp.hpp
[6.657s] -- Installing: /home/miquel/ros2_ws/install/autoware_auto_control_msgs/include/autoware_auto_control_msgs/autoware_auto_control_msgs/msg/detail/high_level_control_command__type_support.cpp
[6.657s] -- Installing: /home/miquel/ros2_ws/install/autoware_auto_control_msgs/include/autoware_auto_control_msgs/autoware_auto_control_msgs/msg/detail/ackermann_lateral_command__rosidl_typesupport_introspection_cpp.hpp
[6.657s] -- Installing: /home/miquel/ros2_ws/install/autoware_auto_control_msgs/include/autoware_auto_control_msgs/autoware_auto_control_msgs/msg/detail/ackermann_control_command__rosidl_typesupport_introspection_cpp.hpp
[6.658s] -- Installing: /home/miquel/ros2_ws/install/autoware_auto_control_msgs/include/autoware_auto_control_msgs/autoware_auto_control_msgs/msg/detail/ackermann_control_command__type_support.cpp
[6.658s] -- Installing: /home/miquel/ros2_ws/install/autoware_auto_control_msgs/lib/libautoware_auto_control_msgs__rosidl_typesupport_introspection_cpp.so
[6.658s] -- Set runtime path of "/home/miquel/ros2_ws/install/autoware_auto_control_msgs/lib/libautoware_auto_control_msgs__rosidl_typesupport_introspection_cpp.so" to ""
[6.658s] -- Installing: /home/miquel/ros2_ws/install/autoware_auto_control_msgs/lib/libautoware_auto_control_msgs__rosidl_typesupport_cpp.so
[6.659s] -- Set runtime path of "/home/miquel/ros2_ws/install/autoware_auto_control_msgs/lib/libautoware_auto_control_msgs__rosidl_typesupport_cpp.so" to ""
[6.659s] -- Installing: /home/miquel/ros2_ws/install/autoware_auto_control_msgs/share/autoware_auto_control_msgs/environment/pythonpath.sh
[6.659s] -- Installing: /home/miquel/ros2_ws/install/autoware_auto_control_msgs/share/autoware_auto_control_msgs/environment/pythonpath.dsv
[6.659s] -- Installing: /home/miquel/ros2_ws/install/autoware_auto_control_msgs/local/lib/python3.10/dist-packages/autoware_auto_control_msgs-1.0.0-py3.10.egg-info
[6.659s] -- Installing: /home/miquel/ros2_ws/install/autoware_auto_control_msgs/local/lib/python3.10/dist-packages/autoware_auto_control_msgs-1.0.0-py3.10.egg-info/PKG-INFO
[6.659s] -- Installing: /home/miquel/ros2_ws/install/autoware_auto_control_msgs/local/lib/python3.10/dist-packages/autoware_auto_control_msgs-1.0.0-py3.10.egg-info/dependency_links.txt
[6.659s] -- Installing: /home/miquel/ros2_ws/install/autoware_auto_control_msgs/local/lib/python3.10/dist-packages/autoware_auto_control_msgs-1.0.0-py3.10.egg-info/top_level.txt
[6.659s] -- Installing: /home/miquel/ros2_ws/install/autoware_auto_control_msgs/local/lib/python3.10/dist-packages/autoware_auto_control_msgs-1.0.0-py3.10.egg-info/SOURCES.txt
[6.659s] -- Installing: /home/miquel/ros2_ws/install/autoware_auto_control_msgs/local/lib/python3.10/dist-packages/autoware_auto_control_msgs
[6.659s] -- Installing: /home/miquel/ros2_ws/install/autoware_auto_control_msgs/local/lib/python3.10/dist-packages/autoware_auto_control_msgs/libautoware_auto_control_msgs__rosidl_generator_py.so
[6.659s] -- Installing: /home/miquel/ros2_ws/install/autoware_auto_control_msgs/local/lib/python3.10/dist-packages/autoware_auto_control_msgs/_autoware_auto_control_msgs_s.ep.rosidl_typesupport_c.c
[6.660s] -- Installing: /home/miquel/ros2_ws/install/autoware_auto_control_msgs/local/lib/python3.10/dist-packages/autoware_auto_control_msgs/autoware_auto_control_msgs_s__rosidl_typesupport_c.cpython-310-x86_64-linux-gnu.so
[6.660s] -- Installing: /home/miquel/ros2_ws/install/autoware_auto_control_msgs/local/lib/python3.10/dist-packages/autoware_auto_control_msgs/_autoware_auto_control_msgs_s.ep.rosidl_typesupport_introspection_c.c
[6.660s] -- Installing: /home/miquel/ros2_ws/install/autoware_auto_control_msgs/local/lib/python3.10/dist-packages/autoware_auto_control_msgs/autoware_auto_control_msgs_s__rosidl_typesupport_introspection_c.cpython-310-x86_64-linux-gnu.so
[6.660s] -- Installing: /home/miquel/ros2_ws/install/autoware_auto_control_msgs/local/lib/python3.10/dist-packages/autoware_auto_control_msgs/msg
[6.660s] -- Installing: /home/miquel/ros2_ws/install/autoware_auto_control_msgs/local/lib/python3.10/dist-packages/autoware_auto_control_msgs/msg/_high_level_control_command_s.c
[6.661s] -- Installing: /home/miquel/ros2_ws/install/autoware_auto_control_msgs/local/lib/python3.10/dist-packages/autoware_auto_control_msgs/msg/_high_level_control_command.py
[6.661s] -- Installing: /home/miquel/ros2_ws/install/autoware_auto_control_msgs/local/lib/python3.10/dist-packages/autoware_auto_control_msgs/msg/_longitudinal_command_s.c
[6.661s] -- Installing: /home/miquel/ros2_ws/install/autoware_auto_control_msgs/local/lib/python3.10/dist-packages/autoware_auto_control_msgs/msg/_ackermann_control_command_s.c
[6.661s] -- Installing: /home/miquel/ros2_ws/install/autoware_auto_control_msgs/local/lib/python3.10/dist-packages/autoware_auto_control_msgs/msg/_longitudinal_command.py
[6.661s] -- Installing: /home/miquel/ros2_ws/install/autoware_auto_control_msgs/local/lib/python3.10/dist-packages/autoware_auto_control_msgs/msg/_ackermann_control_command.py
[6.662s] -- Installing: /home/miquel/ros2_ws/install/autoware_auto_control_msgs/local/lib/python3.10/dist-packages/autoware_auto_control_msgs/msg/_ackermann_lateral_command.py
[6.662s] -- Installing: /home/miquel/ros2_ws/install/autoware_auto_control_msgs/local/lib/python3.10/dist-packages/autoware_auto_control_msgs/msg/_ackermann_lateral_command_s.c
[6.662s] -- Installing: /home/miquel/ros2_ws/install/autoware_auto_control_msgs/local/lib/python3.10/dist-packages/autoware_auto_control_msgs/msg/__init__.py
[6.662s] -- Installing: /home/miquel/ros2_ws/install/autoware_auto_control_msgs/local/lib/python3.10/dist-packages/autoware_auto_control_msgs/autoware_auto_control_msgs_s__rosidl_typesupport_fastrtps_c.cpython-310-x86_64-linux-gnu.so
[6.662s] -- Installing: /home/miquel/ros2_ws/install/autoware_auto_control_msgs/local/lib/python3.10/dist-packages/autoware_auto_control_msgs/_autoware_auto_control_msgs_s.ep.rosidl_typesupport_fastrtps_c.c
[6.662s] -- Installing: /home/miquel/ros2_ws/install/autoware_auto_control_msgs/local/lib/python3.10/dist-packages/autoware_auto_control_msgs/__init__.py
[6.688s] Listing '/home/miquel/ros2_ws/install/autoware_auto_control_msgs/local/lib/python3.10/dist-packages/autoware_auto_control_msgs'...
[6.688s] Compiling '/home/miquel/ros2_ws/install/autoware_auto_control_msgs/local/lib/python3.10/dist-packages/autoware_auto_control_msgs/__init__.py'...
[6.688s] Listing '/home/miquel/ros2_ws/install/autoware_auto_control_msgs/local/lib/python3.10/dist-packages/autoware_auto_control_msgs/msg'...
[6.688s] Compiling '/home/miquel/ros2_ws/install/autoware_auto_control_msgs/local/lib/python3.10/dist-packages/autoware_auto_control_msgs/msg/__init__.py'...
[6.688s] Compiling '/home/miquel/ros2_ws/install/autoware_auto_control_msgs/local/lib/python3.10/dist-packages/autoware_auto_control_msgs/msg/_ackermann_control_command.py'...
[6.688s] Compiling '/home/miquel/ros2_ws/install/autoware_auto_control_msgs/local/lib/python3.10/dist-packages/autoware_auto_control_msgs/msg/_ackermann_lateral_command.py'...
[6.688s] Compiling '/home/miquel/ros2_ws/install/autoware_auto_control_msgs/local/lib/python3.10/dist-packages/autoware_auto_control_msgs/msg/_high_level_control_command.py'...
[6.689s] Compiling '/home/miquel/ros2_ws/install/autoware_auto_control_msgs/local/lib/python3.10/dist-packages/autoware_auto_control_msgs/msg/_longitudinal_command.py'...
[6.691s] -- Installing: /home/miquel/ros2_ws/install/autoware_auto_control_msgs/local/lib/python3.10/dist-packages/autoware_auto_control_msgs/autoware_auto_control_msgs_s__rosidl_typesupport_fastrtps_c.cpython-310-x86_64-linux-gnu.so
[6.692s] -- Set runtime path of "/home/miquel/ros2_ws/install/autoware_auto_control_msgs/local/lib/python3.10/dist-packages/autoware_auto_control_msgs/autoware_auto_control_msgs_s__rosidl_typesupport_fastrtps_c.cpython-310-x86_64-linux-gnu.so" to ""
[6.692s] -- Installing: /home/miquel/ros2_ws/install/autoware_auto_control_msgs/local/lib/python3.10/dist-packages/autoware_auto_control_msgs/autoware_auto_control_msgs_s__rosidl_typesupport_introspection_c.cpython-310-x86_64-linux-gnu.so
[6.692s] -- Set runtime path of "/home/miquel/ros2_ws/install/autoware_auto_control_msgs/local/lib/python3.10/dist-packages/autoware_auto_control_msgs/autoware_auto_control_msgs_s__rosidl_typesupport_introspection_c.cpython-310-x86_64-linux-gnu.so" to ""
[6.692s] -- Installing: /home/miquel/ros2_ws/install/autoware_auto_control_msgs/local/lib/python3.10/dist-packages/autoware_auto_control_msgs/autoware_auto_control_msgs_s__rosidl_typesupport_c.cpython-310-x86_64-linux-gnu.so
[6.693s] -- Set runtime path of "/home/miquel/ros2_ws/install/autoware_auto_control_msgs/local/lib/python3.10/dist-packages/autoware_auto_control_msgs/autoware_auto_control_msgs_s__rosidl_typesupport_c.cpython-310-x86_64-linux-gnu.so" to ""
[6.693s] -- Installing: /home/miquel/ros2_ws/install/autoware_auto_control_msgs/lib/libautoware_auto_control_msgs__rosidl_generator_py.so
[6.693s] -- Set runtime path of "/home/miquel/ros2_ws/install/autoware_auto_control_msgs/lib/libautoware_auto_control_msgs__rosidl_generator_py.so" to ""
[6.693s] -- Installing: /home/miquel/ros2_ws/install/autoware_auto_control_msgs/share/autoware_auto_control_msgs/msg/AckermannControlCommand.idl
[6.693s] -- Installing: /home/miquel/ros2_ws/install/autoware_auto_control_msgs/share/autoware_auto_control_msgs/msg/AckermannLateralCommand.idl
[6.693s] -- Installing: /home/miquel/ros2_ws/install/autoware_auto_control_msgs/share/autoware_auto_control_msgs/msg/HighLevelControlCommand.idl
[6.693s] -- Installing: /home/miquel/ros2_ws/install/autoware_auto_control_msgs/share/autoware_auto_control_msgs/msg/LongitudinalCommand.idl
[6.693s] -- Installing: /home/miquel/ros2_ws/install/autoware_auto_control_msgs/share/ament_index/resource_index/package_run_dependencies/autoware_auto_control_msgs
[6.693s] -- Installing: /home/miquel/ros2_ws/install/autoware_auto_control_msgs/share/ament_index/resource_index/parent_prefix_path/autoware_auto_control_msgs
[6.693s] -- Installing: /home/miquel/ros2_ws/install/autoware_auto_control_msgs/share/autoware_auto_control_msgs/environment/ament_prefix_path.sh
[6.693s] -- Installing: /home/miquel/ros2_ws/install/autoware_auto_control_msgs/share/autoware_auto_control_msgs/environment/ament_prefix_path.dsv
[6.693s] -- Installing: /home/miquel/ros2_ws/install/autoware_auto_control_msgs/share/autoware_auto_control_msgs/environment/path.sh
[6.694s] -- Installing: /home/miquel/ros2_ws/install/autoware_auto_control_msgs/share/autoware_auto_control_msgs/environment/path.dsv
[6.694s] -- Installing: /home/miquel/ros2_ws/install/autoware_auto_control_msgs/share/autoware_auto_control_msgs/local_setup.bash
[6.694s] -- Installing: /home/miquel/ros2_ws/install/autoware_auto_control_msgs/share/autoware_auto_control_msgs/local_setup.sh
[6.694s] -- Installing: /home/miquel/ros2_ws/install/autoware_auto_control_msgs/share/autoware_auto_control_msgs/local_setup.zsh
[6.694s] -- Installing: /home/miquel/ros2_ws/install/autoware_auto_control_msgs/share/autoware_auto_control_msgs/local_setup.dsv
[6.694s] -- Installing: /home/miquel/ros2_ws/install/autoware_auto_control_msgs/share/autoware_auto_control_msgs/package.dsv
[6.694s] -- Installing: /home/miquel/ros2_ws/install/autoware_auto_control_msgs/share/ament_index/resource_index/packages/autoware_auto_control_msgs
[6.694s] -- Installing: /home/miquel/ros2_ws/install/autoware_auto_control_msgs/share/autoware_auto_control_msgs/cmake/export_autoware_auto_control_msgs__rosidl_generator_cExport.cmake
[6.694s] -- Installing: /home/miquel/ros2_ws/install/autoware_auto_control_msgs/share/autoware_auto_control_msgs/cmake/export_autoware_auto_control_msgs__rosidl_generator_cExport-noconfig.cmake
[6.694s] -- Installing: /home/miquel/ros2_ws/install/autoware_auto_control_msgs/share/autoware_auto_control_msgs/cmake/export_autoware_auto_control_msgs__rosidl_typesupport_fastrtps_cExport.cmake
[6.694s] -- Installing: /home/miquel/ros2_ws/install/autoware_auto_control_msgs/share/autoware_auto_control_msgs/cmake/export_autoware_auto_control_msgs__rosidl_typesupport_fastrtps_cExport-noconfig.cmake
[6.695s] -- Installing: /home/miquel/ros2_ws/install/autoware_auto_control_msgs/share/autoware_auto_control_msgs/cmake/autoware_auto_control_msgs__rosidl_typesupport_introspection_cExport.cmake
[6.695s] -- Installing: /home/miquel/ros2_ws/install/autoware_auto_control_msgs/share/autoware_auto_control_msgs/cmake/autoware_auto_control_msgs__rosidl_typesupport_introspection_cExport-noconfig.cmake
[6.695s] -- Installing: /home/miquel/ros2_ws/install/autoware_auto_control_msgs/share/autoware_auto_control_msgs/cmake/autoware_auto_control_msgs__rosidl_typesupport_cExport.cmake
[6.695s] -- Installing: /home/miquel/ros2_ws/install/autoware_auto_control_msgs/share/autoware_auto_control_msgs/cmake/autoware_auto_control_msgs__rosidl_typesupport_cExport-noconfig.cmake
[6.695s] -- Installing: /home/miquel/ros2_ws/install/autoware_auto_control_msgs/share/autoware_auto_control_msgs/cmake/export_autoware_auto_control_msgs__rosidl_generator_cppExport.cmake
[6.695s] -- Installing: /home/miquel/ros2_ws/install/autoware_auto_control_msgs/share/autoware_auto_control_msgs/cmake/export_autoware_auto_control_msgs__rosidl_typesupport_fastrtps_cppExport.cmake
[6.695s] -- Installing: /home/miquel/ros2_ws/install/autoware_auto_control_msgs/share/autoware_auto_control_msgs/cmake/export_autoware_auto_control_msgs__rosidl_typesupport_fastrtps_cppExport-noconfig.cmake
[6.695s] -- Installing: /home/miquel/ros2_ws/install/autoware_auto_control_msgs/share/autoware_auto_control_msgs/cmake/autoware_auto_control_msgs__rosidl_typesupport_introspection_cppExport.cmake
[6.695s] -- Installing: /home/miquel/ros2_ws/install/autoware_auto_control_msgs/share/autoware_auto_control_msgs/cmake/autoware_auto_control_msgs__rosidl_typesupport_introspection_cppExport-noconfig.cmake
[6.695s] -- Installing: /home/miquel/ros2_ws/install/autoware_auto_control_msgs/share/autoware_auto_control_msgs/cmake/autoware_auto_control_msgs__rosidl_typesupport_cppExport.cmake
[6.695s] -- Installing: /home/miquel/ros2_ws/install/autoware_auto_control_msgs/share/autoware_auto_control_msgs/cmake/autoware_auto_control_msgs__rosidl_typesupport_cppExport-noconfig.cmake
[6.695s] -- Installing: /home/miquel/ros2_ws/install/autoware_auto_control_msgs/share/autoware_auto_control_msgs/cmake/export_autoware_auto_control_msgs__rosidl_generator_pyExport.cmake
[6.695s] -- Installing: /home/miquel/ros2_ws/install/autoware_auto_control_msgs/share/autoware_auto_control_msgs/cmake/export_autoware_auto_control_msgs__rosidl_generator_pyExport-noconfig.cmake
[6.695s] -- Installing: /home/miquel/ros2_ws/install/autoware_auto_control_msgs/share/autoware_auto_control_msgs/cmake/rosidl_cmake-extras.cmake
[6.696s] -- Installing: /home/miquel/ros2_ws/install/autoware_auto_control_msgs/share/autoware_auto_control_msgs/cmake/ament_cmake_export_dependencies-extras.cmake
[6.696s] -- Installing: /home/miquel/ros2_ws/install/autoware_auto_control_msgs/share/autoware_auto_control_msgs/cmake/ament_cmake_export_include_directories-extras.cmake
[6.696s] -- Installing: /home/miquel/ros2_ws/install/autoware_auto_control_msgs/share/autoware_auto_control_msgs/cmake/ament_cmake_export_libraries-extras.cmake
[6.696s] -- Installing: /home/miquel/ros2_ws/install/autoware_auto_control_msgs/share/autoware_auto_control_msgs/cmake/ament_cmake_export_targets-extras.cmake
[6.696s] -- Installing: /home/miquel/ros2_ws/install/autoware_auto_control_msgs/share/autoware_auto_control_msgs/cmake/rosidl_cmake_export_typesupport_targets-extras.cmake
[6.696s] -- Installing: /home/miquel/ros2_ws/install/autoware_auto_control_msgs/share/autoware_auto_control_msgs/cmake/rosidl_cmake_export_typesupport_libraries-extras.cmake
[6.696s] -- Installing: /home/miquel/ros2_ws/install/autoware_auto_control_msgs/share/autoware_auto_control_msgs/cmake/autoware_auto_control_msgsConfig.cmake
[6.696s] -- Installing: /home/miquel/ros2_ws/install/autoware_auto_control_msgs/share/autoware_auto_control_msgs/cmake/autoware_auto_control_msgsConfig-version.cmake
[6.696s] -- Installing: /home/miquel/ros2_ws/install/autoware_auto_control_msgs/share/autoware_auto_control_msgs/package.xml
[6.699s] Invoked command in '/home/miquel/ros2_ws/build/autoware_auto_control_msgs' returned '0': CMAKE_PREFIX_PATH=${CMAKE_PREFIX_PATH}:/home/miquel/ros2_ws/install/vehicle_interface:/home/miquel/ros2_ws/src/vehicle_interface/install/vehicle_interface:/opt/ros/humble /usr/bin/cmake --install /home/miquel/ros2_ws/build/autoware_auto_control_msgs
