[0.421s] Invoking command in '/home/miquel/ros2_ws/src/vehicle_interface': PYTHONPATH=/home/miquel/ros2_ws/build/vehicle_interface/prefix_override:/usr/lib/python3/dist-packages/colcon_core/task/python/colcon_distutils_commands:/home/miquel/ros2_ws/install/vehicle_interface/lib/python3.10/site-packages:${PYTHONPATH} /usr/bin/python3 -W ignore:setup.py install is deprecated -W ignore:easy_install command is deprecated setup.py egg_info --egg-base ../../build/vehicle_interface build --build-base /home/miquel/ros2_ws/build/vehicle_interface/build install --record /home/miquel/ros2_ws/build/vehicle_interface/install.log --single-version-externally-managed install_data
[0.559s] running egg_info
[0.560s] writing ../../build/vehicle_interface/vehicle_interface.egg-info/PKG-INFO
[0.560s] writing dependency_links to ../../build/vehicle_interface/vehicle_interface.egg-info/dependency_links.txt
[0.560s] writing entry points to ../../build/vehicle_interface/vehicle_interface.egg-info/entry_points.txt
[0.560s] writing requirements to ../../build/vehicle_interface/vehicle_interface.egg-info/requires.txt
[0.560s] writing top-level names to ../../build/vehicle_interface/vehicle_interface.egg-info/top_level.txt
[0.561s] reading manifest file '../../build/vehicle_interface/vehicle_interface.egg-info/SOURCES.txt'
[0.561s] writing manifest file '../../build/vehicle_interface/vehicle_interface.egg-info/SOURCES.txt'
[0.561s] running build
[0.561s] running build_py
[0.562s] running install
[0.562s] running install_lib
[0.562s] running install_data
[0.562s] running install_egg_info
[0.563s] removing '/home/miquel/ros2_ws/install/vehicle_interface/lib/python3.10/site-packages/vehicle_interface-0.0.0-py3.10.egg-info' (and everything under it)
[0.563s] Copying ../../build/vehicle_interface/vehicle_interface.egg-info to /home/miquel/ros2_ws/install/vehicle_interface/lib/python3.10/site-packages/vehicle_interface-0.0.0-py3.10.egg-info
[0.564s] running install_scripts
[0.575s] Installing vi script to /home/miquel/ros2_ws/install/vehicle_interface/lib/vehicle_interface
[0.576s] writing list of installed files to '/home/miquel/ros2_ws/build/vehicle_interface/install.log'
[0.590s] Invoked command in '/home/miquel/ros2_ws/src/vehicle_interface' returned '0': PYTHONPATH=/home/miquel/ros2_ws/build/vehicle_interface/prefix_override:/usr/lib/python3/dist-packages/colcon_core/task/python/colcon_distutils_commands:/home/miquel/ros2_ws/install/vehicle_interface/lib/python3.10/site-packages:${PYTHONPATH} /usr/bin/python3 -W ignore:setup.py install is deprecated -W ignore:easy_install command is deprecated setup.py egg_info --egg-base ../../build/vehicle_interface build --build-base /home/miquel/ros2_ws/build/vehicle_interface/build install --record /home/miquel/ros2_ws/build/vehicle_interface/install.log --single-version-externally-managed install_data
