[0.520s] Invoking command in '/home/miquel/ros2_ws/src/vehicle_interface': AMENT_PREFIX_PATH=/home/miquel/ros2_ws/install/autoware_auto_control_msgs:${AMENT_PREFIX_PATH} CMAKE_PREFIX_PATH=/home/miquel/ros2_ws/install/autoware_auto_control_msgs:${CMAKE_PREFIX_PATH} LD_LIBRARY_PATH=/home/miquel/ros2_ws/install/autoware_auto_control_msgs/lib:${LD_LIBRARY_PATH} PYTHONPATH=/home/miquel/ros2_ws/build/vehicle_interface/prefix_override:/usr/lib/python3/dist-packages/colcon_core/task/python/colcon_distutils_commands:/home/miquel/ros2_ws/install/vehicle_interface/lib/python3.10/site-packages:/home/miquel/ros2_ws/install/autoware_auto_control_msgs/local/lib/python3.10/dist-packages:${PYTHONPATH} /usr/bin/python3 -W ignore:setup.py install is deprecated -W ignore:easy_install command is deprecated setup.py egg_info --egg-base ../../build/vehicle_interface build --build-base /home/miquel/ros2_ws/build/vehicle_interface/build install --record /home/miquel/ros2_ws/build/vehicle_interface/install.log --single-version-externally-managed install_data
[0.757s] running egg_info
[0.758s] writing ../../build/vehicle_interface/vehicle_interface.egg-info/PKG-INFO
[0.758s] writing dependency_links to ../../build/vehicle_interface/vehicle_interface.egg-info/dependency_links.txt
[0.758s] writing entry points to ../../build/vehicle_interface/vehicle_interface.egg-info/entry_points.txt
[0.758s] writing requirements to ../../build/vehicle_interface/vehicle_interface.egg-info/requires.txt
[0.758s] writing top-level names to ../../build/vehicle_interface/vehicle_interface.egg-info/top_level.txt
[0.760s] reading manifest file '../../build/vehicle_interface/vehicle_interface.egg-info/SOURCES.txt'
[0.761s] writing manifest file '../../build/vehicle_interface/vehicle_interface.egg-info/SOURCES.txt'
[0.761s] running build
[0.761s] running build_py
[0.761s] running install
[0.762s] running install_lib
[0.763s] running install_data
[0.763s] running install_egg_info
[0.766s] removing '/home/miquel/ros2_ws/install/vehicle_interface/lib/python3.10/site-packages/vehicle_interface-0.0.0-py3.10.egg-info' (and everything under it)
[0.767s] Copying ../../build/vehicle_interface/vehicle_interface.egg-info to /home/miquel/ros2_ws/install/vehicle_interface/lib/python3.10/site-packages/vehicle_interface-0.0.0-py3.10.egg-info
[0.767s] running install_scripts
[0.790s] Installing vi script to /home/miquel/ros2_ws/install/vehicle_interface/lib/vehicle_interface
[0.790s] writing list of installed files to '/home/miquel/ros2_ws/build/vehicle_interface/install.log'
[0.813s] Invoked command in '/home/miquel/ros2_ws/src/vehicle_interface' returned '0': AMENT_PREFIX_PATH=/home/miquel/ros2_ws/install/autoware_auto_control_msgs:${AMENT_PREFIX_PATH} CMAKE_PREFIX_PATH=/home/miquel/ros2_ws/install/autoware_auto_control_msgs:${CMAKE_PREFIX_PATH} LD_LIBRARY_PATH=/home/miquel/ros2_ws/install/autoware_auto_control_msgs/lib:${LD_LIBRARY_PATH} PYTHONPATH=/home/miquel/ros2_ws/build/vehicle_interface/prefix_override:/usr/lib/python3/dist-packages/colcon_core/task/python/colcon_distutils_commands:/home/miquel/ros2_ws/install/vehicle_interface/lib/python3.10/site-packages:/home/miquel/ros2_ws/install/autoware_auto_control_msgs/local/lib/python3.10/dist-packages:${PYTHONPATH} /usr/bin/python3 -W ignore:setup.py install is deprecated -W ignore:easy_install command is deprecated setup.py egg_info --egg-base ../../build/vehicle_interface build --build-base /home/miquel/ros2_ws/build/vehicle_interface/build install --record /home/miquel/ros2_ws/build/vehicle_interface/install.log --single-version-externally-managed install_data
